

Started GET "/" for 127.0.0.1 at 2014-12-17 01:32:58 -0800
Processing by Rails::WelcomeController#index as HTML
  Rendered /Users/harshmalewar/.rvm/gems/ruby-2.1.5@rails-4.0/gems/railties-4.0.0/lib/rails/templates/rails/welcome/index.html.erb (1.6ms)
Completed 200 OK in 15ms (Views: 8.1ms | ActiveRecord: 0.0ms)


Started GET "/" for 127.0.0.1 at 2014-12-17 01:38:30 -0800
Processing by WelcomeController#index as HTML
  Rendered welcome/index.html.erb within layouts/application (1.1ms)
Completed 200 OK in 591ms (Views: 583.4ms | ActiveRecord: 0.0ms)


Started GET "/assets/welcome.css?body=1" for 127.0.0.1 at 2014-12-17 01:38:31 -0800


Started GET "/assets/application.css?body=1" for 127.0.0.1 at 2014-12-17 01:38:31 -0800


Started GET "/assets/jquery_ujs.js?body=1" for 127.0.0.1 at 2014-12-17 01:38:31 -0800


Started GET "/assets/jquery.js?body=1" for 127.0.0.1 at 2014-12-17 01:38:31 -0800


Started GET "/assets/welcome.js?body=1" for 127.0.0.1 at 2014-12-17 01:38:31 -0800


Started GET "/assets/application.js?body=1" for 127.0.0.1 at 2014-12-17 01:38:31 -0800


Started GET "/assets/turbolinks.js?body=1" for 127.0.0.1 at 2014-12-17 01:38:31 -0800


Started GET "/" for 127.0.0.1 at 2014-12-17 01:55:44 -0800
Processing by WelcomeController#index as HTML
  Rendered welcome/index.html.erb within layouts/application (2.0ms)
Completed 200 OK in 524ms (Views: 514.7ms | ActiveRecord: 0.0ms)


Started GET "/assets/welcome.css?body=1" for 127.0.0.1 at 2014-12-17 01:55:44 -0800


Started GET "/assets/application.css?body=1" for 127.0.0.1 at 2014-12-17 01:55:44 -0800


Started GET "/assets/jquery_ujs.js?body=1" for 127.0.0.1 at 2014-12-17 01:55:44 -0800


Started GET "/assets/jquery.js?body=1" for 127.0.0.1 at 2014-12-17 01:55:44 -0800


Started GET "/assets/application.js?body=1" for 127.0.0.1 at 2014-12-17 01:55:44 -0800


Started GET "/assets/turbolinks.js?body=1" for 127.0.0.1 at 2014-12-17 01:55:45 -0800


Started GET "/assets/welcome.js?body=1" for 127.0.0.1 at 2014-12-17 01:55:45 -0800


Started GET "/" for 127.0.0.1 at 2014-12-17 01:59:07 -0800
Processing by WelcomeController#index as HTML
  Rendered welcome/index.html.erb within layouts/application (0.0ms)
Completed 200 OK in 5ms (Views: 4.5ms | ActiveRecord: 0.0ms)


Started GET "/assets/welcome.css?body=1" for 127.0.0.1 at 2014-12-17 01:59:07 -0800


Started GET "/assets/application.css?body=1" for 127.0.0.1 at 2014-12-17 01:59:07 -0800


Started GET "/assets/jquery.js?body=1" for 127.0.0.1 at 2014-12-17 01:59:07 -0800


Started GET "/assets/turbolinks.js?body=1" for 127.0.0.1 at 2014-12-17 01:59:07 -0800


Started GET "/assets/jquery_ujs.js?body=1" for 127.0.0.1 at 2014-12-17 01:59:07 -0800


Started GET "/assets/welcome.js?body=1" for 127.0.0.1 at 2014-12-17 01:59:07 -0800


Started GET "/assets/application.js?body=1" for 127.0.0.1 at 2014-12-17 01:59:07 -0800


Started GET "/auth/dropbox" for 127.0.0.1 at 2014-12-17 01:59:12 -0800

ActionController::RoutingError (No route matches [GET] "/auth/dropbox"):
  actionpack (4.0.0) lib/action_dispatch/middleware/debug_exceptions.rb:21:in `call'
  actionpack (4.0.0) lib/action_dispatch/middleware/show_exceptions.rb:30:in `call'
  railties (4.0.0) lib/rails/rack/logger.rb:38:in `call_app'
  railties (4.0.0) lib/rails/rack/logger.rb:21:in `block in call'
  activesupport (4.0.0) lib/active_support/tagged_logging.rb:67:in `block in tagged'
  activesupport (4.0.0) lib/active_support/tagged_logging.rb:25:in `tagged'
  activesupport (4.0.0) lib/active_support/tagged_logging.rb:67:in `tagged'
  railties (4.0.0) lib/rails/rack/logger.rb:21:in `call'
  actionpack (4.0.0) lib/action_dispatch/middleware/request_id.rb:21:in `call'
  rack (1.5.2) lib/rack/methodoverride.rb:21:in `call'
  rack (1.5.2) lib/rack/runtime.rb:17:in `call'
  activesupport (4.0.0) lib/active_support/cache/strategy/local_cache.rb:83:in `call'
  rack (1.5.2) lib/rack/lock.rb:17:in `call'
  actionpack (4.0.0) lib/action_dispatch/middleware/static.rb:64:in `call'
  railties (4.0.0) lib/rails/engine.rb:511:in `call'
  railties (4.0.0) lib/rails/application.rb:97:in `call'
  rack (1.5.2) lib/rack/lock.rb:17:in `call'
  rack (1.5.2) lib/rack/content_length.rb:14:in `call'
  rack (1.5.2) lib/rack/handler/webrick.rb:60:in `service'
  /Users/harshmalewar/.rvm/rubies/ruby-2.1.5/lib/ruby/2.1.0/webrick/httpserver.rb:138:in `service'
  /Users/harshmalewar/.rvm/rubies/ruby-2.1.5/lib/ruby/2.1.0/webrick/httpserver.rb:94:in `run'
  /Users/harshmalewar/.rvm/rubies/ruby-2.1.5/lib/ruby/2.1.0/webrick/server.rb:295:in `block in start_thread'


  Rendered /Users/harshmalewar/.rvm/gems/ruby-2.1.5/gems/actionpack-4.0.0/lib/action_dispatch/middleware/templates/rescues/_trace.erb (1.1ms)
  Rendered /Users/harshmalewar/.rvm/gems/ruby-2.1.5/gems/actionpack-4.0.0/lib/action_dispatch/middleware/templates/routes/_route.html.erb (1.0ms)
  Rendered /Users/harshmalewar/.rvm/gems/ruby-2.1.5/gems/actionpack-4.0.0/lib/action_dispatch/middleware/templates/routes/_table.html.erb (5.6ms)
  Rendered /Users/harshmalewar/.rvm/gems/ruby-2.1.5/gems/actionpack-4.0.0/lib/action_dispatch/middleware/templates/rescues/routing_error.erb within rescues/layout (25.2ms)


Started GET "/articles" for 127.0.0.1 at 2014-12-17 01:59:14 -0800

ActionController::RoutingError (uninitialized constant ArticlesController):
  activesupport (4.0.0) lib/active_support/inflector/methods.rb:226:in `const_get'
  activesupport (4.0.0) lib/active_support/inflector/methods.rb:226:in `block in constantize'
  activesupport (4.0.0) lib/active_support/inflector/methods.rb:224:in `each'
  activesupport (4.0.0) lib/active_support/inflector/methods.rb:224:in `inject'
  activesupport (4.0.0) lib/active_support/inflector/methods.rb:224:in `constantize'
  actionpack (4.0.0) lib/action_dispatch/routing/route_set.rb:76:in `controller_reference'
  actionpack (4.0.0) lib/action_dispatch/routing/route_set.rb:66:in `controller'
  actionpack (4.0.0) lib/action_dispatch/routing/route_set.rb:44:in `call'
  actionpack (4.0.0) lib/action_dispatch/journey/router.rb:71:in `block in call'
  actionpack (4.0.0) lib/action_dispatch/journey/router.rb:59:in `each'
  actionpack (4.0.0) lib/action_dispatch/journey/router.rb:59:in `call'
  actionpack (4.0.0) lib/action_dispatch/routing/route_set.rb:655:in `call'
  rack (1.5.2) lib/rack/etag.rb:23:in `call'
  rack (1.5.2) lib/rack/conditionalget.rb:25:in `call'
  rack (1.5.2) lib/rack/head.rb:11:in `call'
  actionpack (4.0.0) lib/action_dispatch/middleware/params_parser.rb:27:in `call'
  actionpack (4.0.0) lib/action_dispatch/middleware/flash.rb:241:in `call'
  rack (1.5.2) lib/rack/session/abstract/id.rb:225:in `context'
  rack (1.5.2) lib/rack/session/abstract/id.rb:220:in `call'
  actionpack (4.0.0) lib/action_dispatch/middleware/cookies.rb:486:in `call'
  activerecord (4.0.0) lib/active_record/query_cache.rb:36:in `call'
  activerecord (4.0.0) lib/active_record/connection_adapters/abstract/connection_pool.rb:626:in `call'
  activerecord (4.0.0) lib/active_record/migration.rb:369:in `call'
  actionpack (4.0.0) lib/action_dispatch/middleware/callbacks.rb:29:in `block in call'
  activesupport (4.0.0) lib/active_support/callbacks.rb:373:in `_run__2505876186147657485__call__callbacks'
  activesupport (4.0.0) lib/active_support/callbacks.rb:80:in `run_callbacks'
  actionpack (4.0.0) lib/action_dispatch/middleware/callbacks.rb:27:in `call'
  actionpack (4.0.0) lib/action_dispatch/middleware/reloader.rb:64:in `call'
  actionpack (4.0.0) lib/action_dispatch/middleware/remote_ip.rb:76:in `call'
  actionpack (4.0.0) lib/action_dispatch/middleware/debug_exceptions.rb:17:in `call'
  actionpack (4.0.0) lib/action_dispatch/middleware/show_exceptions.rb:30:in `call'
  railties (4.0.0) lib/rails/rack/logger.rb:38:in `call_app'
  railties (4.0.0) lib/rails/rack/logger.rb:21:in `block in call'
  activesupport (4.0.0) lib/active_support/tagged_logging.rb:67:in `block in tagged'
  activesupport (4.0.0) lib/active_support/tagged_logging.rb:25:in `tagged'
  activesupport (4.0.0) lib/active_support/tagged_logging.rb:67:in `tagged'
  railties (4.0.0) lib/rails/rack/logger.rb:21:in `call'
  actionpack (4.0.0) lib/action_dispatch/middleware/request_id.rb:21:in `call'
  rack (1.5.2) lib/rack/methodoverride.rb:21:in `call'
  rack (1.5.2) lib/rack/runtime.rb:17:in `call'
  activesupport (4.0.0) lib/active_support/cache/strategy/local_cache.rb:83:in `call'
  rack (1.5.2) lib/rack/lock.rb:17:in `call'
  actionpack (4.0.0) lib/action_dispatch/middleware/static.rb:64:in `call'
  railties (4.0.0) lib/rails/engine.rb:511:in `call'
  railties (4.0.0) lib/rails/application.rb:97:in `call'
  rack (1.5.2) lib/rack/lock.rb:17:in `call'
  rack (1.5.2) lib/rack/content_length.rb:14:in `call'
  rack (1.5.2) lib/rack/handler/webrick.rb:60:in `service'
  /Users/harshmalewar/.rvm/rubies/ruby-2.1.5/lib/ruby/2.1.0/webrick/httpserver.rb:138:in `service'
  /Users/harshmalewar/.rvm/rubies/ruby-2.1.5/lib/ruby/2.1.0/webrick/httpserver.rb:94:in `run'
  /Users/harshmalewar/.rvm/rubies/ruby-2.1.5/lib/ruby/2.1.0/webrick/server.rb:295:in `block in start_thread'


  Rendered /Users/harshmalewar/.rvm/gems/ruby-2.1.5/gems/actionpack-4.0.0/lib/action_dispatch/middleware/templates/rescues/_trace.erb (0.9ms)
  Rendered /Users/harshmalewar/.rvm/gems/ruby-2.1.5/gems/actionpack-4.0.0/lib/action_dispatch/middleware/templates/routes/_route.html.erb (1.0ms)
  Rendered /Users/harshmalewar/.rvm/gems/ruby-2.1.5/gems/actionpack-4.0.0/lib/action_dispatch/middleware/templates/routes/_table.html.erb (0.7ms)
  Rendered /Users/harshmalewar/.rvm/gems/ruby-2.1.5/gems/actionpack-4.0.0/lib/action_dispatch/middleware/templates/rescues/routing_error.erb within rescues/layout (17.8ms)


Started GET "/" for 127.0.0.1 at 2014-12-17 01:59:50 -0800
Processing by WelcomeController#index as HTML
  Rendered welcome/index.html.erb within layouts/application (1.3ms)
Completed 200 OK in 32ms (Views: 25.3ms | ActiveRecord: 0.0ms)


Started GET "/assets/welcome.css?body=1" for 127.0.0.1 at 2014-12-17 01:59:50 -0800


Started GET "/assets/application.css?body=1" for 127.0.0.1 at 2014-12-17 01:59:50 -0800


Started GET "/assets/jquery_ujs.js?body=1" for 127.0.0.1 at 2014-12-17 01:59:50 -0800


Started GET "/assets/jquery.js?body=1" for 127.0.0.1 at 2014-12-17 01:59:50 -0800


Started GET "/assets/turbolinks.js?body=1" for 127.0.0.1 at 2014-12-17 01:59:50 -0800


Started GET "/assets/welcome.js?body=1" for 127.0.0.1 at 2014-12-17 01:59:50 -0800


Started GET "/assets/application.js?body=1" for 127.0.0.1 at 2014-12-17 01:59:50 -0800


Started GET "/auth/dropbox" for 127.0.0.1 at 2014-12-17 01:59:51 -0800

ActionController::RoutingError (No route matches [GET] "/auth/dropbox"):
  actionpack (4.0.0) lib/action_dispatch/middleware/debug_exceptions.rb:21:in `call'
  actionpack (4.0.0) lib/action_dispatch/middleware/show_exceptions.rb:30:in `call'
  railties (4.0.0) lib/rails/rack/logger.rb:38:in `call_app'
  railties (4.0.0) lib/rails/rack/logger.rb:21:in `block in call'
  activesupport (4.0.0) lib/active_support/tagged_logging.rb:67:in `block in tagged'
  activesupport (4.0.0) lib/active_support/tagged_logging.rb:25:in `tagged'
  activesupport (4.0.0) lib/active_support/tagged_logging.rb:67:in `tagged'
  railties (4.0.0) lib/rails/rack/logger.rb:21:in `call'
  actionpack (4.0.0) lib/action_dispatch/middleware/request_id.rb:21:in `call'
  rack (1.5.2) lib/rack/methodoverride.rb:21:in `call'
  rack (1.5.2) lib/rack/runtime.rb:17:in `call'
  activesupport (4.0.0) lib/active_support/cache/strategy/local_cache.rb:83:in `call'
  rack (1.5.2) lib/rack/lock.rb:17:in `call'
  actionpack (4.0.0) lib/action_dispatch/middleware/static.rb:64:in `call'
  railties (4.0.0) lib/rails/engine.rb:511:in `call'
  railties (4.0.0) lib/rails/application.rb:97:in `call'
  rack (1.5.2) lib/rack/lock.rb:17:in `call'
  rack (1.5.2) lib/rack/content_length.rb:14:in `call'
  rack (1.5.2) lib/rack/handler/webrick.rb:60:in `service'
  /Users/harshmalewar/.rvm/rubies/ruby-2.1.5/lib/ruby/2.1.0/webrick/httpserver.rb:138:in `service'
  /Users/harshmalewar/.rvm/rubies/ruby-2.1.5/lib/ruby/2.1.0/webrick/httpserver.rb:94:in `run'
  /Users/harshmalewar/.rvm/rubies/ruby-2.1.5/lib/ruby/2.1.0/webrick/server.rb:295:in `block in start_thread'


  Rendered /Users/harshmalewar/.rvm/gems/ruby-2.1.5/gems/actionpack-4.0.0/lib/action_dispatch/middleware/templates/rescues/_trace.erb (1.3ms)
  Rendered /Users/harshmalewar/.rvm/gems/ruby-2.1.5/gems/actionpack-4.0.0/lib/action_dispatch/middleware/templates/routes/_route.html.erb (0.9ms)
  Rendered /Users/harshmalewar/.rvm/gems/ruby-2.1.5/gems/actionpack-4.0.0/lib/action_dispatch/middleware/templates/routes/_table.html.erb (2.5ms)
  Rendered /Users/harshmalewar/.rvm/gems/ruby-2.1.5/gems/actionpack-4.0.0/lib/action_dispatch/middleware/templates/rescues/routing_error.erb within rescues/layout (20.8ms)


Started GET "/articles" for 127.0.0.1 at 2014-12-17 01:59:53 -0800

ActionController::RoutingError (uninitialized constant ArticlesController):
  activesupport (4.0.0) lib/active_support/inflector/methods.rb:226:in `const_get'
  activesupport (4.0.0) lib/active_support/inflector/methods.rb:226:in `block in constantize'
  activesupport (4.0.0) lib/active_support/inflector/methods.rb:224:in `each'
  activesupport (4.0.0) lib/active_support/inflector/methods.rb:224:in `inject'
  activesupport (4.0.0) lib/active_support/inflector/methods.rb:224:in `constantize'
  actionpack (4.0.0) lib/action_dispatch/routing/route_set.rb:76:in `controller_reference'
  actionpack (4.0.0) lib/action_dispatch/routing/route_set.rb:66:in `controller'
  actionpack (4.0.0) lib/action_dispatch/routing/route_set.rb:44:in `call'
  actionpack (4.0.0) lib/action_dispatch/journey/router.rb:71:in `block in call'
  actionpack (4.0.0) lib/action_dispatch/journey/router.rb:59:in `each'
  actionpack (4.0.0) lib/action_dispatch/journey/router.rb:59:in `call'
  actionpack (4.0.0) lib/action_dispatch/routing/route_set.rb:655:in `call'
  rack (1.5.2) lib/rack/etag.rb:23:in `call'
  rack (1.5.2) lib/rack/conditionalget.rb:25:in `call'
  rack (1.5.2) lib/rack/head.rb:11:in `call'
  actionpack (4.0.0) lib/action_dispatch/middleware/params_parser.rb:27:in `call'
  actionpack (4.0.0) lib/action_dispatch/middleware/flash.rb:241:in `call'
  rack (1.5.2) lib/rack/session/abstract/id.rb:225:in `context'
  rack (1.5.2) lib/rack/session/abstract/id.rb:220:in `call'
  actionpack (4.0.0) lib/action_dispatch/middleware/cookies.rb:486:in `call'
  activerecord (4.0.0) lib/active_record/query_cache.rb:36:in `call'
  activerecord (4.0.0) lib/active_record/connection_adapters/abstract/connection_pool.rb:626:in `call'
  activerecord (4.0.0) lib/active_record/migration.rb:369:in `call'
  actionpack (4.0.0) lib/action_dispatch/middleware/callbacks.rb:29:in `block in call'
  activesupport (4.0.0) lib/active_support/callbacks.rb:373:in `_run__2606074894772126586__call__callbacks'
  activesupport (4.0.0) lib/active_support/callbacks.rb:80:in `run_callbacks'
  actionpack (4.0.0) lib/action_dispatch/middleware/callbacks.rb:27:in `call'
  actionpack (4.0.0) lib/action_dispatch/middleware/reloader.rb:64:in `call'
  actionpack (4.0.0) lib/action_dispatch/middleware/remote_ip.rb:76:in `call'
  actionpack (4.0.0) lib/action_dispatch/middleware/debug_exceptions.rb:17:in `call'
  actionpack (4.0.0) lib/action_dispatch/middleware/show_exceptions.rb:30:in `call'
  railties (4.0.0) lib/rails/rack/logger.rb:38:in `call_app'
  railties (4.0.0) lib/rails/rack/logger.rb:21:in `block in call'
  activesupport (4.0.0) lib/active_support/tagged_logging.rb:67:in `block in tagged'
  activesupport (4.0.0) lib/active_support/tagged_logging.rb:25:in `tagged'
  activesupport (4.0.0) lib/active_support/tagged_logging.rb:67:in `tagged'
  railties (4.0.0) lib/rails/rack/logger.rb:21:in `call'
  actionpack (4.0.0) lib/action_dispatch/middleware/request_id.rb:21:in `call'
  rack (1.5.2) lib/rack/methodoverride.rb:21:in `call'
  rack (1.5.2) lib/rack/runtime.rb:17:in `call'
  activesupport (4.0.0) lib/active_support/cache/strategy/local_cache.rb:83:in `call'
  rack (1.5.2) lib/rack/lock.rb:17:in `call'
  actionpack (4.0.0) lib/action_dispatch/middleware/static.rb:64:in `call'
  railties (4.0.0) lib/rails/engine.rb:511:in `call'
  railties (4.0.0) lib/rails/application.rb:97:in `call'
  rack (1.5.2) lib/rack/lock.rb:17:in `call'
  rack (1.5.2) lib/rack/content_length.rb:14:in `call'
  rack (1.5.2) lib/rack/handler/webrick.rb:60:in `service'
  /Users/harshmalewar/.rvm/rubies/ruby-2.1.5/lib/ruby/2.1.0/webrick/httpserver.rb:138:in `service'
  /Users/harshmalewar/.rvm/rubies/ruby-2.1.5/lib/ruby/2.1.0/webrick/httpserver.rb:94:in `run'
  /Users/harshmalewar/.rvm/rubies/ruby-2.1.5/lib/ruby/2.1.0/webrick/server.rb:295:in `block in start_thread'


  Rendered /Users/harshmalewar/.rvm/gems/ruby-2.1.5/gems/actionpack-4.0.0/lib/action_dispatch/middleware/templates/rescues/_trace.erb (1.1ms)
  Rendered /Users/harshmalewar/.rvm/gems/ruby-2.1.5/gems/actionpack-4.0.0/lib/action_dispatch/middleware/templates/routes/_route.html.erb (1.7ms)
  Rendered /Users/harshmalewar/.rvm/gems/ruby-2.1.5/gems/actionpack-4.0.0/lib/action_dispatch/middleware/templates/routes/_table.html.erb (1.4ms)
  Rendered /Users/harshmalewar/.rvm/gems/ruby-2.1.5/gems/actionpack-4.0.0/lib/action_dispatch/middleware/templates/rescues/routing_error.erb within rescues/layout (28.2ms)


Started GET "/" for 127.0.0.1 at 2014-12-17 01:59:58 -0800
Processing by WelcomeController#index as HTML
  Rendered welcome/index.html.erb within layouts/application (0.0ms)
Completed 200 OK in 4ms (Views: 3.6ms | ActiveRecord: 0.0ms)


Started GET "/assets/welcome.css?body=1" for 127.0.0.1 at 2014-12-17 01:59:58 -0800


Started GET "/assets/welcome.js?body=1" for 127.0.0.1 at 2014-12-17 01:59:58 -0800


Started GET "/assets/application.css?body=1" for 127.0.0.1 at 2014-12-17 01:59:58 -0800


Started GET "/assets/jquery.js?body=1" for 127.0.0.1 at 2014-12-17 01:59:58 -0800


Started GET "/assets/application.js?body=1" for 127.0.0.1 at 2014-12-17 01:59:58 -0800


Started GET "/assets/jquery_ujs.js?body=1" for 127.0.0.1 at 2014-12-17 01:59:58 -0800


Started GET "/assets/turbolinks.js?body=1" for 127.0.0.1 at 2014-12-17 01:59:58 -0800


Started GET "/article" for 127.0.0.1 at 2014-12-17 02:00:20 -0800

ActionController::RoutingError (No route matches [GET] "/article"):
  actionpack (4.0.0) lib/action_dispatch/middleware/debug_exceptions.rb:21:in `call'
  actionpack (4.0.0) lib/action_dispatch/middleware/show_exceptions.rb:30:in `call'
  railties (4.0.0) lib/rails/rack/logger.rb:38:in `call_app'
  railties (4.0.0) lib/rails/rack/logger.rb:21:in `block in call'
  activesupport (4.0.0) lib/active_support/tagged_logging.rb:67:in `block in tagged'
  activesupport (4.0.0) lib/active_support/tagged_logging.rb:25:in `tagged'
  activesupport (4.0.0) lib/active_support/tagged_logging.rb:67:in `tagged'
  railties (4.0.0) lib/rails/rack/logger.rb:21:in `call'
  actionpack (4.0.0) lib/action_dispatch/middleware/request_id.rb:21:in `call'
  rack (1.5.2) lib/rack/methodoverride.rb:21:in `call'
  rack (1.5.2) lib/rack/runtime.rb:17:in `call'
  activesupport (4.0.0) lib/active_support/cache/strategy/local_cache.rb:83:in `call'
  rack (1.5.2) lib/rack/lock.rb:17:in `call'
  actionpack (4.0.0) lib/action_dispatch/middleware/static.rb:64:in `call'
  railties (4.0.0) lib/rails/engine.rb:511:in `call'
  railties (4.0.0) lib/rails/application.rb:97:in `call'
  rack (1.5.2) lib/rack/lock.rb:17:in `call'
  rack (1.5.2) lib/rack/content_length.rb:14:in `call'
  rack (1.5.2) lib/rack/handler/webrick.rb:60:in `service'
  /Users/harshmalewar/.rvm/rubies/ruby-2.1.5/lib/ruby/2.1.0/webrick/httpserver.rb:138:in `service'
  /Users/harshmalewar/.rvm/rubies/ruby-2.1.5/lib/ruby/2.1.0/webrick/httpserver.rb:94:in `run'
  /Users/harshmalewar/.rvm/rubies/ruby-2.1.5/lib/ruby/2.1.0/webrick/server.rb:295:in `block in start_thread'


  Rendered /Users/harshmalewar/.rvm/gems/ruby-2.1.5/gems/actionpack-4.0.0/lib/action_dispatch/middleware/templates/rescues/_trace.erb (0.7ms)
  Rendered /Users/harshmalewar/.rvm/gems/ruby-2.1.5/gems/actionpack-4.0.0/lib/action_dispatch/middleware/templates/routes/_route.html.erb (1.5ms)
  Rendered /Users/harshmalewar/.rvm/gems/ruby-2.1.5/gems/actionpack-4.0.0/lib/action_dispatch/middleware/templates/routes/_table.html.erb (1.0ms)
  Rendered /Users/harshmalewar/.rvm/gems/ruby-2.1.5/gems/actionpack-4.0.0/lib/action_dispatch/middleware/templates/rescues/routing_error.erb within rescues/layout (16.4ms)


Started GET "/articles/" for 127.0.0.1 at 2014-12-17 02:00:24 -0800

ActionController::RoutingError (uninitialized constant ArticlesController):
  activesupport (4.0.0) lib/active_support/inflector/methods.rb:226:in `const_get'
  activesupport (4.0.0) lib/active_support/inflector/methods.rb:226:in `block in constantize'
  activesupport (4.0.0) lib/active_support/inflector/methods.rb:224:in `each'
  activesupport (4.0.0) lib/active_support/inflector/methods.rb:224:in `inject'
  activesupport (4.0.0) lib/active_support/inflector/methods.rb:224:in `constantize'
  actionpack (4.0.0) lib/action_dispatch/routing/route_set.rb:76:in `controller_reference'
  actionpack (4.0.0) lib/action_dispatch/routing/route_set.rb:66:in `controller'
  actionpack (4.0.0) lib/action_dispatch/routing/route_set.rb:44:in `call'
  actionpack (4.0.0) lib/action_dispatch/journey/router.rb:71:in `block in call'
  actionpack (4.0.0) lib/action_dispatch/journey/router.rb:59:in `each'
  actionpack (4.0.0) lib/action_dispatch/journey/router.rb:59:in `call'
  actionpack (4.0.0) lib/action_dispatch/routing/route_set.rb:655:in `call'
  rack (1.5.2) lib/rack/etag.rb:23:in `call'
  rack (1.5.2) lib/rack/conditionalget.rb:25:in `call'
  rack (1.5.2) lib/rack/head.rb:11:in `call'
  actionpack (4.0.0) lib/action_dispatch/middleware/params_parser.rb:27:in `call'
  actionpack (4.0.0) lib/action_dispatch/middleware/flash.rb:241:in `call'
  rack (1.5.2) lib/rack/session/abstract/id.rb:225:in `context'
  rack (1.5.2) lib/rack/session/abstract/id.rb:220:in `call'
  actionpack (4.0.0) lib/action_dispatch/middleware/cookies.rb:486:in `call'
  activerecord (4.0.0) lib/active_record/query_cache.rb:36:in `call'
  activerecord (4.0.0) lib/active_record/connection_adapters/abstract/connection_pool.rb:626:in `call'
  activerecord (4.0.0) lib/active_record/migration.rb:369:in `call'
  actionpack (4.0.0) lib/action_dispatch/middleware/callbacks.rb:29:in `block in call'
  activesupport (4.0.0) lib/active_support/callbacks.rb:373:in `_run__2606074894772126586__call__callbacks'
  activesupport (4.0.0) lib/active_support/callbacks.rb:80:in `run_callbacks'
  actionpack (4.0.0) lib/action_dispatch/middleware/callbacks.rb:27:in `call'
  actionpack (4.0.0) lib/action_dispatch/middleware/reloader.rb:64:in `call'
  actionpack (4.0.0) lib/action_dispatch/middleware/remote_ip.rb:76:in `call'
  actionpack (4.0.0) lib/action_dispatch/middleware/debug_exceptions.rb:17:in `call'
  actionpack (4.0.0) lib/action_dispatch/middleware/show_exceptions.rb:30:in `call'
  railties (4.0.0) lib/rails/rack/logger.rb:38:in `call_app'
  railties (4.0.0) lib/rails/rack/logger.rb:21:in `block in call'
  activesupport (4.0.0) lib/active_support/tagged_logging.rb:67:in `block in tagged'
  activesupport (4.0.0) lib/active_support/tagged_logging.rb:25:in `tagged'
  activesupport (4.0.0) lib/active_support/tagged_logging.rb:67:in `tagged'
  railties (4.0.0) lib/rails/rack/logger.rb:21:in `call'
  actionpack (4.0.0) lib/action_dispatch/middleware/request_id.rb:21:in `call'
  rack (1.5.2) lib/rack/methodoverride.rb:21:in `call'
  rack (1.5.2) lib/rack/runtime.rb:17:in `call'
  activesupport (4.0.0) lib/active_support/cache/strategy/local_cache.rb:83:in `call'
  rack (1.5.2) lib/rack/lock.rb:17:in `call'
  actionpack (4.0.0) lib/action_dispatch/middleware/static.rb:64:in `call'
  railties (4.0.0) lib/rails/engine.rb:511:in `call'
  railties (4.0.0) lib/rails/application.rb:97:in `call'
  rack (1.5.2) lib/rack/lock.rb:17:in `call'
  rack (1.5.2) lib/rack/content_length.rb:14:in `call'
  rack (1.5.2) lib/rack/handler/webrick.rb:60:in `service'
  /Users/harshmalewar/.rvm/rubies/ruby-2.1.5/lib/ruby/2.1.0/webrick/httpserver.rb:138:in `service'
  /Users/harshmalewar/.rvm/rubies/ruby-2.1.5/lib/ruby/2.1.0/webrick/httpserver.rb:94:in `run'
  /Users/harshmalewar/.rvm/rubies/ruby-2.1.5/lib/ruby/2.1.0/webrick/server.rb:295:in `block in start_thread'


  Rendered /Users/harshmalewar/.rvm/gems/ruby-2.1.5/gems/actionpack-4.0.0/lib/action_dispatch/middleware/templates/rescues/_trace.erb (0.7ms)
  Rendered /Users/harshmalewar/.rvm/gems/ruby-2.1.5/gems/actionpack-4.0.0/lib/action_dispatch/middleware/templates/routes/_route.html.erb (1.4ms)
  Rendered /Users/harshmalewar/.rvm/gems/ruby-2.1.5/gems/actionpack-4.0.0/lib/action_dispatch/middleware/templates/routes/_table.html.erb (0.8ms)
  Rendered /Users/harshmalewar/.rvm/gems/ruby-2.1.5/gems/actionpack-4.0.0/lib/action_dispatch/middleware/templates/rescues/routing_error.erb within rescues/layout (18.3ms)


Started GET "/articles" for 127.0.0.1 at 2014-12-17 02:01:38 -0800

AbstractController::ActionNotFound (The action 'index' could not be found for ArticlesController):
  actionpack (4.0.0) lib/abstract_controller/base.rb:131:in `process'
  actionpack (4.0.0) lib/abstract_controller/rendering.rb:44:in `process'
  actionpack (4.0.0) lib/action_controller/metal.rb:195:in `dispatch'
  actionpack (4.0.0) lib/action_controller/metal/rack_delegation.rb:13:in `dispatch'
  actionpack (4.0.0) lib/action_controller/metal.rb:231:in `block in action'
  actionpack (4.0.0) lib/action_dispatch/routing/route_set.rb:80:in `call'
  actionpack (4.0.0) lib/action_dispatch/routing/route_set.rb:80:in `dispatch'
  actionpack (4.0.0) lib/action_dispatch/routing/route_set.rb:48:in `call'
  actionpack (4.0.0) lib/action_dispatch/journey/router.rb:71:in `block in call'
  actionpack (4.0.0) lib/action_dispatch/journey/router.rb:59:in `each'
  actionpack (4.0.0) lib/action_dispatch/journey/router.rb:59:in `call'
  actionpack (4.0.0) lib/action_dispatch/routing/route_set.rb:655:in `call'
  rack (1.5.2) lib/rack/etag.rb:23:in `call'
  rack (1.5.2) lib/rack/conditionalget.rb:25:in `call'
  rack (1.5.2) lib/rack/head.rb:11:in `call'
  actionpack (4.0.0) lib/action_dispatch/middleware/params_parser.rb:27:in `call'
  actionpack (4.0.0) lib/action_dispatch/middleware/flash.rb:241:in `call'
  rack (1.5.2) lib/rack/session/abstract/id.rb:225:in `context'
  rack (1.5.2) lib/rack/session/abstract/id.rb:220:in `call'
  actionpack (4.0.0) lib/action_dispatch/middleware/cookies.rb:486:in `call'
  activerecord (4.0.0) lib/active_record/query_cache.rb:36:in `call'
  activerecord (4.0.0) lib/active_record/connection_adapters/abstract/connection_pool.rb:626:in `call'
  activerecord (4.0.0) lib/active_record/migration.rb:369:in `call'
  actionpack (4.0.0) lib/action_dispatch/middleware/callbacks.rb:29:in `block in call'
  activesupport (4.0.0) lib/active_support/callbacks.rb:373:in `_run__2606074894772126586__call__callbacks'
  activesupport (4.0.0) lib/active_support/callbacks.rb:80:in `run_callbacks'
  actionpack (4.0.0) lib/action_dispatch/middleware/callbacks.rb:27:in `call'
  actionpack (4.0.0) lib/action_dispatch/middleware/reloader.rb:64:in `call'
  actionpack (4.0.0) lib/action_dispatch/middleware/remote_ip.rb:76:in `call'
  actionpack (4.0.0) lib/action_dispatch/middleware/debug_exceptions.rb:17:in `call'
  actionpack (4.0.0) lib/action_dispatch/middleware/show_exceptions.rb:30:in `call'
  railties (4.0.0) lib/rails/rack/logger.rb:38:in `call_app'
  railties (4.0.0) lib/rails/rack/logger.rb:21:in `block in call'
  activesupport (4.0.0) lib/active_support/tagged_logging.rb:67:in `block in tagged'
  activesupport (4.0.0) lib/active_support/tagged_logging.rb:25:in `tagged'
  activesupport (4.0.0) lib/active_support/tagged_logging.rb:67:in `tagged'
  railties (4.0.0) lib/rails/rack/logger.rb:21:in `call'
  actionpack (4.0.0) lib/action_dispatch/middleware/request_id.rb:21:in `call'
  rack (1.5.2) lib/rack/methodoverride.rb:21:in `call'
  rack (1.5.2) lib/rack/runtime.rb:17:in `call'
  activesupport (4.0.0) lib/active_support/cache/strategy/local_cache.rb:83:in `call'
  rack (1.5.2) lib/rack/lock.rb:17:in `call'
  actionpack (4.0.0) lib/action_dispatch/middleware/static.rb:64:in `call'
  railties (4.0.0) lib/rails/engine.rb:511:in `call'
  railties (4.0.0) lib/rails/application.rb:97:in `call'
  rack (1.5.2) lib/rack/lock.rb:17:in `call'
  rack (1.5.2) lib/rack/content_length.rb:14:in `call'
  rack (1.5.2) lib/rack/handler/webrick.rb:60:in `service'
  /Users/harshmalewar/.rvm/rubies/ruby-2.1.5/lib/ruby/2.1.0/webrick/httpserver.rb:138:in `service'
  /Users/harshmalewar/.rvm/rubies/ruby-2.1.5/lib/ruby/2.1.0/webrick/httpserver.rb:94:in `run'
  /Users/harshmalewar/.rvm/rubies/ruby-2.1.5/lib/ruby/2.1.0/webrick/server.rb:295:in `block in start_thread'


  Rendered /Users/harshmalewar/.rvm/gems/ruby-2.1.5/gems/actionpack-4.0.0/lib/action_dispatch/middleware/templates/rescues/unknown_action.erb within rescues/layout (0.6ms)


Started GET "/articles/new" for 127.0.0.1 at 2014-12-17 02:03:12 -0800
Processing by ArticlesController#new as HTML
Completed 500 Internal Server Error in 2ms

ActionView::MissingTemplate (Missing template articles/new, application/new with {:locale=>[:en], :formats=>[:html], :handlers=>[:erb, :builder, :raw, :ruby, :jbuilder, :coffee]}. Searched in:
  * "/Users/harshmalewar/Documents/sjsu/experiment/blog/app/views"
):
  actionpack (4.0.0) lib/action_view/path_set.rb:46:in `find'
  actionpack (4.0.0) lib/action_view/lookup_context.rb:115:in `find'
  actionpack (4.0.0) lib/action_view/renderer/abstract_renderer.rb:18:in `find_template'
  actionpack (4.0.0) lib/action_view/renderer/template_renderer.rb:35:in `determine_template'
  actionpack (4.0.0) lib/action_view/renderer/template_renderer.rb:8:in `render'
  actionpack (4.0.0) lib/action_view/renderer/renderer.rb:42:in `render_template'
  actionpack (4.0.0) lib/action_view/renderer/renderer.rb:23:in `render'
  actionpack (4.0.0) lib/abstract_controller/rendering.rb:127:in `_render_template'
  actionpack (4.0.0) lib/action_controller/metal/streaming.rb:219:in `_render_template'
  actionpack (4.0.0) lib/abstract_controller/rendering.rb:120:in `render_to_body'
  actionpack (4.0.0) lib/action_controller/metal/rendering.rb:33:in `render_to_body'
  actionpack (4.0.0) lib/action_controller/metal/renderers.rb:26:in `render_to_body'
  actionpack (4.0.0) lib/abstract_controller/rendering.rb:97:in `render'
  actionpack (4.0.0) lib/action_controller/metal/rendering.rb:16:in `render'
  actionpack (4.0.0) lib/action_controller/metal/instrumentation.rb:41:in `block (2 levels) in render'
  activesupport (4.0.0) lib/active_support/core_ext/benchmark.rb:12:in `block in ms'
  /Users/harshmalewar/.rvm/rubies/ruby-2.1.5/lib/ruby/2.1.0/benchmark.rb:294:in `realtime'
  activesupport (4.0.0) lib/active_support/core_ext/benchmark.rb:12:in `ms'
  actionpack (4.0.0) lib/action_controller/metal/instrumentation.rb:41:in `block in render'
  actionpack (4.0.0) lib/action_controller/metal/instrumentation.rb:84:in `cleanup_view_runtime'
  activerecord (4.0.0) lib/active_record/railties/controller_runtime.rb:25:in `cleanup_view_runtime'
  actionpack (4.0.0) lib/action_controller/metal/instrumentation.rb:40:in `render'
  actionpack (4.0.0) lib/action_controller/metal/implicit_render.rb:10:in `default_render'
  actionpack (4.0.0) lib/action_controller/metal/implicit_render.rb:5:in `send_action'
  actionpack (4.0.0) lib/abstract_controller/base.rb:189:in `process_action'
  actionpack (4.0.0) lib/action_controller/metal/rendering.rb:10:in `process_action'
  actionpack (4.0.0) lib/abstract_controller/callbacks.rb:18:in `block in process_action'
  activesupport (4.0.0) lib/active_support/callbacks.rb:403:in `_run__1567404521049566747__process_action__callbacks'
  activesupport (4.0.0) lib/active_support/callbacks.rb:80:in `run_callbacks'
  actionpack (4.0.0) lib/abstract_controller/callbacks.rb:17:in `process_action'
  actionpack (4.0.0) lib/action_controller/metal/rescue.rb:29:in `process_action'
  actionpack (4.0.0) lib/action_controller/metal/instrumentation.rb:31:in `block in process_action'
  activesupport (4.0.0) lib/active_support/notifications.rb:159:in `block in instrument'
  activesupport (4.0.0) lib/active_support/notifications/instrumenter.rb:20:in `instrument'
  activesupport (4.0.0) lib/active_support/notifications.rb:159:in `instrument'
  actionpack (4.0.0) lib/action_controller/metal/instrumentation.rb:30:in `process_action'
  actionpack (4.0.0) lib/action_controller/metal/params_wrapper.rb:245:in `process_action'
  activerecord (4.0.0) lib/active_record/railties/controller_runtime.rb:18:in `process_action'
  actionpack (4.0.0) lib/abstract_controller/base.rb:136:in `process'
  actionpack (4.0.0) lib/abstract_controller/rendering.rb:44:in `process'
  actionpack (4.0.0) lib/action_controller/metal.rb:195:in `dispatch'
  actionpack (4.0.0) lib/action_controller/metal/rack_delegation.rb:13:in `dispatch'
  actionpack (4.0.0) lib/action_controller/metal.rb:231:in `block in action'
  actionpack (4.0.0) lib/action_dispatch/routing/route_set.rb:80:in `call'
  actionpack (4.0.0) lib/action_dispatch/routing/route_set.rb:80:in `dispatch'
  actionpack (4.0.0) lib/action_dispatch/routing/route_set.rb:48:in `call'
  actionpack (4.0.0) lib/action_dispatch/journey/router.rb:71:in `block in call'
  actionpack (4.0.0) lib/action_dispatch/journey/router.rb:59:in `each'
  actionpack (4.0.0) lib/action_dispatch/journey/router.rb:59:in `call'
  actionpack (4.0.0) lib/action_dispatch/routing/route_set.rb:655:in `call'
  rack (1.5.2) lib/rack/etag.rb:23:in `call'
  rack (1.5.2) lib/rack/conditionalget.rb:25:in `call'
  rack (1.5.2) lib/rack/head.rb:11:in `call'
  actionpack (4.0.0) lib/action_dispatch/middleware/params_parser.rb:27:in `call'
  actionpack (4.0.0) lib/action_dispatch/middleware/flash.rb:241:in `call'
  rack (1.5.2) lib/rack/session/abstract/id.rb:225:in `context'
  rack (1.5.2) lib/rack/session/abstract/id.rb:220:in `call'
  actionpack (4.0.0) lib/action_dispatch/middleware/cookies.rb:486:in `call'
  activerecord (4.0.0) lib/active_record/query_cache.rb:36:in `call'
  activerecord (4.0.0) lib/active_record/connection_adapters/abstract/connection_pool.rb:626:in `call'
  activerecord (4.0.0) lib/active_record/migration.rb:369:in `call'
  actionpack (4.0.0) lib/action_dispatch/middleware/callbacks.rb:29:in `block in call'
  activesupport (4.0.0) lib/active_support/callbacks.rb:373:in `_run__2606074894772126586__call__callbacks'
  activesupport (4.0.0) lib/active_support/callbacks.rb:80:in `run_callbacks'
  actionpack (4.0.0) lib/action_dispatch/middleware/callbacks.rb:27:in `call'
  actionpack (4.0.0) lib/action_dispatch/middleware/reloader.rb:64:in `call'
  actionpack (4.0.0) lib/action_dispatch/middleware/remote_ip.rb:76:in `call'
  actionpack (4.0.0) lib/action_dispatch/middleware/debug_exceptions.rb:17:in `call'
  actionpack (4.0.0) lib/action_dispatch/middleware/show_exceptions.rb:30:in `call'
  railties (4.0.0) lib/rails/rack/logger.rb:38:in `call_app'
  railties (4.0.0) lib/rails/rack/logger.rb:21:in `block in call'
  activesupport (4.0.0) lib/active_support/tagged_logging.rb:67:in `block in tagged'
  activesupport (4.0.0) lib/active_support/tagged_logging.rb:25:in `tagged'
  activesupport (4.0.0) lib/active_support/tagged_logging.rb:67:in `tagged'
  railties (4.0.0) lib/rails/rack/logger.rb:21:in `call'
  actionpack (4.0.0) lib/action_dispatch/middleware/request_id.rb:21:in `call'
  rack (1.5.2) lib/rack/methodoverride.rb:21:in `call'
  rack (1.5.2) lib/rack/runtime.rb:17:in `call'
  activesupport (4.0.0) lib/active_support/cache/strategy/local_cache.rb:83:in `call'
  rack (1.5.2) lib/rack/lock.rb:17:in `call'
  actionpack (4.0.0) lib/action_dispatch/middleware/static.rb:64:in `call'
  railties (4.0.0) lib/rails/engine.rb:511:in `call'
  railties (4.0.0) lib/rails/application.rb:97:in `call'
  rack (1.5.2) lib/rack/lock.rb:17:in `call'
  rack (1.5.2) lib/rack/content_length.rb:14:in `call'
  rack (1.5.2) lib/rack/handler/webrick.rb:60:in `service'
  /Users/harshmalewar/.rvm/rubies/ruby-2.1.5/lib/ruby/2.1.0/webrick/httpserver.rb:138:in `service'
  /Users/harshmalewar/.rvm/rubies/ruby-2.1.5/lib/ruby/2.1.0/webrick/httpserver.rb:94:in `run'
  /Users/harshmalewar/.rvm/rubies/ruby-2.1.5/lib/ruby/2.1.0/webrick/server.rb:295:in `block in start_thread'


  Rendered /Users/harshmalewar/.rvm/gems/ruby-2.1.5/gems/actionpack-4.0.0/lib/action_dispatch/middleware/templates/rescues/missing_template.erb within rescues/layout (0.4ms)


Started GET "/articles/new" for 127.0.0.1 at 2014-12-17 02:05:07 -0800
Processing by ArticlesController#new as HTML
  Rendered articles/new.html.erb within layouts/application (0.3ms)
Completed 200 OK in 182ms (Views: 181.2ms | ActiveRecord: 0.0ms)


Started GET "/assets/application.css?body=1" for 127.0.0.1 at 2014-12-17 02:05:07 -0800


Started GET "/assets/jquery.js?body=1" for 127.0.0.1 at 2014-12-17 02:05:07 -0800


Started GET "/assets/articles.css?body=1" for 127.0.0.1 at 2014-12-17 02:05:07 -0800


Started GET "/assets/welcome.css?body=1" for 127.0.0.1 at 2014-12-17 02:05:07 -0800


Started GET "/assets/jquery_ujs.js?body=1" for 127.0.0.1 at 2014-12-17 02:05:07 -0800


Started GET "/assets/turbolinks.js?body=1" for 127.0.0.1 at 2014-12-17 02:05:07 -0800


Started GET "/assets/articles.js?body=1" for 127.0.0.1 at 2014-12-17 02:05:07 -0800


Started GET "/assets/welcome.js?body=1" for 127.0.0.1 at 2014-12-17 02:05:07 -0800


Started GET "/assets/application.js?body=1" for 127.0.0.1 at 2014-12-17 02:05:07 -0800


Started GET "/articles/new" for 127.0.0.1 at 2014-12-17 02:05:36 -0800
Processing by ArticlesController#new as HTML
  Rendered articles/new.html.erb within layouts/application (0.3ms)
Completed 200 OK in 5ms (Views: 4.1ms | ActiveRecord: 0.0ms)


Started GET "/assets/application.css?body=1" for 127.0.0.1 at 2014-12-17 02:05:36 -0800


Started GET "/assets/welcome.css?body=1" for 127.0.0.1 at 2014-12-17 02:05:36 -0800


Started GET "/assets/jquery.js?body=1" for 127.0.0.1 at 2014-12-17 02:05:36 -0800


Started GET "/assets/turbolinks.js?body=1" for 127.0.0.1 at 2014-12-17 02:05:36 -0800


Started GET "/assets/articles.css?body=1" for 127.0.0.1 at 2014-12-17 02:05:36 -0800


Started GET "/assets/jquery_ujs.js?body=1" for 127.0.0.1 at 2014-12-17 02:05:36 -0800


Started GET "/assets/articles.js?body=1" for 127.0.0.1 at 2014-12-17 02:05:36 -0800


Started GET "/assets/welcome.js?body=1" for 127.0.0.1 at 2014-12-17 02:05:36 -0800


Started GET "/assets/application.js?body=1" for 127.0.0.1 at 2014-12-17 02:05:36 -0800


Started GET "/articles/new" for 127.0.0.1 at 2014-12-17 02:09:36 -0800
Processing by ArticlesController#new as HTML
  Rendered articles/new.html.erb within layouts/application (31.1ms)
Completed 200 OK in 41ms (Views: 40.2ms | ActiveRecord: 0.0ms)


Started GET "/assets/application.css?body=1" for 127.0.0.1 at 2014-12-17 02:09:36 -0800


Started GET "/assets/articles.css?body=1" for 127.0.0.1 at 2014-12-17 02:09:36 -0800


Started GET "/assets/jquery.js?body=1" for 127.0.0.1 at 2014-12-17 02:09:36 -0800


Started GET "/assets/welcome.css?body=1" for 127.0.0.1 at 2014-12-17 02:09:36 -0800


Started GET "/assets/jquery_ujs.js?body=1" for 127.0.0.1 at 2014-12-17 02:09:36 -0800


Started GET "/assets/turbolinks.js?body=1" for 127.0.0.1 at 2014-12-17 02:09:36 -0800


Started GET "/assets/articles.js?body=1" for 127.0.0.1 at 2014-12-17 02:09:36 -0800


Started GET "/assets/welcome.js?body=1" for 127.0.0.1 at 2014-12-17 02:09:36 -0800


Started GET "/assets/application.js?body=1" for 127.0.0.1 at 2014-12-17 02:09:36 -0800


Started POST "/articles/new" for 127.0.0.1 at 2014-12-17 02:09:37 -0800

ActionController::RoutingError (No route matches [POST] "/articles/new"):
  actionpack (4.0.0) lib/action_dispatch/middleware/debug_exceptions.rb:21:in `call'
  actionpack (4.0.0) lib/action_dispatch/middleware/show_exceptions.rb:30:in `call'
  railties (4.0.0) lib/rails/rack/logger.rb:38:in `call_app'
  railties (4.0.0) lib/rails/rack/logger.rb:21:in `block in call'
  activesupport (4.0.0) lib/active_support/tagged_logging.rb:67:in `block in tagged'
  activesupport (4.0.0) lib/active_support/tagged_logging.rb:25:in `tagged'
  activesupport (4.0.0) lib/active_support/tagged_logging.rb:67:in `tagged'
  railties (4.0.0) lib/rails/rack/logger.rb:21:in `call'
  actionpack (4.0.0) lib/action_dispatch/middleware/request_id.rb:21:in `call'
  rack (1.5.2) lib/rack/methodoverride.rb:21:in `call'
  rack (1.5.2) lib/rack/runtime.rb:17:in `call'
  activesupport (4.0.0) lib/active_support/cache/strategy/local_cache.rb:83:in `call'
  rack (1.5.2) lib/rack/lock.rb:17:in `call'
  actionpack (4.0.0) lib/action_dispatch/middleware/static.rb:64:in `call'
  railties (4.0.0) lib/rails/engine.rb:511:in `call'
  railties (4.0.0) lib/rails/application.rb:97:in `call'
  rack (1.5.2) lib/rack/lock.rb:17:in `call'
  rack (1.5.2) lib/rack/content_length.rb:14:in `call'
  rack (1.5.2) lib/rack/handler/webrick.rb:60:in `service'
  /Users/harshmalewar/.rvm/rubies/ruby-2.1.5/lib/ruby/2.1.0/webrick/httpserver.rb:138:in `service'
  /Users/harshmalewar/.rvm/rubies/ruby-2.1.5/lib/ruby/2.1.0/webrick/httpserver.rb:94:in `run'
  /Users/harshmalewar/.rvm/rubies/ruby-2.1.5/lib/ruby/2.1.0/webrick/server.rb:295:in `block in start_thread'


  Rendered /Users/harshmalewar/.rvm/gems/ruby-2.1.5/gems/actionpack-4.0.0/lib/action_dispatch/middleware/templates/rescues/_trace.erb (0.8ms)
  Rendered /Users/harshmalewar/.rvm/gems/ruby-2.1.5/gems/actionpack-4.0.0/lib/action_dispatch/middleware/templates/routes/_route.html.erb (0.9ms)
  Rendered /Users/harshmalewar/.rvm/gems/ruby-2.1.5/gems/actionpack-4.0.0/lib/action_dispatch/middleware/templates/routes/_table.html.erb (1.0ms)
  Rendered /Users/harshmalewar/.rvm/gems/ruby-2.1.5/gems/actionpack-4.0.0/lib/action_dispatch/middleware/templates/rescues/routing_error.erb within rescues/layout (15.7ms)


Started GET "/assets/welcome.css?body=1" for 127.0.0.1 at 2014-12-17 02:10:43 -0800


Started GET "/assets/articles.css?body=1" for 127.0.0.1 at 2014-12-17 02:10:43 -0800


Started GET "/assets/application.css?body=1" for 127.0.0.1 at 2014-12-17 02:10:43 -0800


Started POST "/articles/new" for 127.0.0.1 at 2014-12-17 02:12:35 -0800

ActionController::RoutingError (No route matches [POST] "/articles/new"):
  actionpack (4.0.0) lib/action_dispatch/middleware/debug_exceptions.rb:21:in `call'
  actionpack (4.0.0) lib/action_dispatch/middleware/show_exceptions.rb:30:in `call'
  railties (4.0.0) lib/rails/rack/logger.rb:38:in `call_app'
  railties (4.0.0) lib/rails/rack/logger.rb:21:in `block in call'
  activesupport (4.0.0) lib/active_support/tagged_logging.rb:67:in `block in tagged'
  activesupport (4.0.0) lib/active_support/tagged_logging.rb:25:in `tagged'
  activesupport (4.0.0) lib/active_support/tagged_logging.rb:67:in `tagged'
  railties (4.0.0) lib/rails/rack/logger.rb:21:in `call'
  actionpack (4.0.0) lib/action_dispatch/middleware/request_id.rb:21:in `call'
  rack (1.5.2) lib/rack/methodoverride.rb:21:in `call'
  rack (1.5.2) lib/rack/runtime.rb:17:in `call'
  activesupport (4.0.0) lib/active_support/cache/strategy/local_cache.rb:83:in `call'
  rack (1.5.2) lib/rack/lock.rb:17:in `call'
  actionpack (4.0.0) lib/action_dispatch/middleware/static.rb:64:in `call'
  railties (4.0.0) lib/rails/engine.rb:511:in `call'
  railties (4.0.0) lib/rails/application.rb:97:in `call'
  rack (1.5.2) lib/rack/lock.rb:17:in `call'
  rack (1.5.2) lib/rack/content_length.rb:14:in `call'
  rack (1.5.2) lib/rack/handler/webrick.rb:60:in `service'
  /Users/harshmalewar/.rvm/rubies/ruby-2.1.5/lib/ruby/2.1.0/webrick/httpserver.rb:138:in `service'
  /Users/harshmalewar/.rvm/rubies/ruby-2.1.5/lib/ruby/2.1.0/webrick/httpserver.rb:94:in `run'
  /Users/harshmalewar/.rvm/rubies/ruby-2.1.5/lib/ruby/2.1.0/webrick/server.rb:295:in `block in start_thread'


  Rendered /Users/harshmalewar/.rvm/gems/ruby-2.1.5/gems/actionpack-4.0.0/lib/action_dispatch/middleware/templates/rescues/_trace.erb (1.8ms)
  Rendered /Users/harshmalewar/.rvm/gems/ruby-2.1.5/gems/actionpack-4.0.0/lib/action_dispatch/middleware/templates/routes/_route.html.erb (1.0ms)
  Rendered /Users/harshmalewar/.rvm/gems/ruby-2.1.5/gems/actionpack-4.0.0/lib/action_dispatch/middleware/templates/routes/_table.html.erb (0.8ms)
  Rendered /Users/harshmalewar/.rvm/gems/ruby-2.1.5/gems/actionpack-4.0.0/lib/action_dispatch/middleware/templates/rescues/routing_error.erb within rescues/layout (18.0ms)


Started POST "/articles/new" for 127.0.0.1 at 2014-12-17 02:12:43 -0800

ActionController::RoutingError (No route matches [POST] "/articles/new"):
  actionpack (4.0.0) lib/action_dispatch/middleware/debug_exceptions.rb:21:in `call'
  actionpack (4.0.0) lib/action_dispatch/middleware/show_exceptions.rb:30:in `call'
  railties (4.0.0) lib/rails/rack/logger.rb:38:in `call_app'
  railties (4.0.0) lib/rails/rack/logger.rb:21:in `block in call'
  activesupport (4.0.0) lib/active_support/tagged_logging.rb:67:in `block in tagged'
  activesupport (4.0.0) lib/active_support/tagged_logging.rb:25:in `tagged'
  activesupport (4.0.0) lib/active_support/tagged_logging.rb:67:in `tagged'
  railties (4.0.0) lib/rails/rack/logger.rb:21:in `call'
  actionpack (4.0.0) lib/action_dispatch/middleware/request_id.rb:21:in `call'
  rack (1.5.2) lib/rack/methodoverride.rb:21:in `call'
  rack (1.5.2) lib/rack/runtime.rb:17:in `call'
  activesupport (4.0.0) lib/active_support/cache/strategy/local_cache.rb:83:in `call'
  rack (1.5.2) lib/rack/lock.rb:17:in `call'
  actionpack (4.0.0) lib/action_dispatch/middleware/static.rb:64:in `call'
  railties (4.0.0) lib/rails/engine.rb:511:in `call'
  railties (4.0.0) lib/rails/application.rb:97:in `call'
  rack (1.5.2) lib/rack/lock.rb:17:in `call'
  rack (1.5.2) lib/rack/content_length.rb:14:in `call'
  rack (1.5.2) lib/rack/handler/webrick.rb:60:in `service'
  /Users/harshmalewar/.rvm/rubies/ruby-2.1.5/lib/ruby/2.1.0/webrick/httpserver.rb:138:in `service'
  /Users/harshmalewar/.rvm/rubies/ruby-2.1.5/lib/ruby/2.1.0/webrick/httpserver.rb:94:in `run'
  /Users/harshmalewar/.rvm/rubies/ruby-2.1.5/lib/ruby/2.1.0/webrick/server.rb:295:in `block in start_thread'


  Rendered /Users/harshmalewar/.rvm/gems/ruby-2.1.5/gems/actionpack-4.0.0/lib/action_dispatch/middleware/templates/rescues/_trace.erb (0.7ms)
  Rendered /Users/harshmalewar/.rvm/gems/ruby-2.1.5/gems/actionpack-4.0.0/lib/action_dispatch/middleware/templates/routes/_route.html.erb (1.2ms)
  Rendered /Users/harshmalewar/.rvm/gems/ruby-2.1.5/gems/actionpack-4.0.0/lib/action_dispatch/middleware/templates/routes/_table.html.erb (1.4ms)
  Rendered /Users/harshmalewar/.rvm/gems/ruby-2.1.5/gems/actionpack-4.0.0/lib/action_dispatch/middleware/templates/rescues/routing_error.erb within rescues/layout (16.0ms)


Started GET "/articles/new" for 127.0.0.1 at 2014-12-17 02:13:35 -0800
Processing by ArticlesController#new as HTML
  Rendered articles/new.html.erb within layouts/application (1.9ms)
Completed 200 OK in 8ms (Views: 7.0ms | ActiveRecord: 0.0ms)


Started GET "/assets/articles.css?body=1" for 127.0.0.1 at 2014-12-17 02:13:35 -0800


Started GET "/assets/application.css?body=1" for 127.0.0.1 at 2014-12-17 02:13:35 -0800


Started GET "/assets/jquery.js?body=1" for 127.0.0.1 at 2014-12-17 02:13:35 -0800


Started GET "/assets/welcome.css?body=1" for 127.0.0.1 at 2014-12-17 02:13:35 -0800


Started GET "/assets/articles.js?body=1" for 127.0.0.1 at 2014-12-17 02:13:35 -0800


Started GET "/assets/jquery_ujs.js?body=1" for 127.0.0.1 at 2014-12-17 02:13:35 -0800


Started GET "/assets/welcome.js?body=1" for 127.0.0.1 at 2014-12-17 02:13:35 -0800


Started GET "/assets/turbolinks.js?body=1" for 127.0.0.1 at 2014-12-17 02:13:35 -0800


Started GET "/assets/application.js?body=1" for 127.0.0.1 at 2014-12-17 02:13:35 -0800


Started POST "/articles/new" for 127.0.0.1 at 2014-12-17 02:13:39 -0800

ActionController::RoutingError (No route matches [POST] "/articles/new"):
  actionpack (4.0.0) lib/action_dispatch/middleware/debug_exceptions.rb:21:in `call'
  actionpack (4.0.0) lib/action_dispatch/middleware/show_exceptions.rb:30:in `call'
  railties (4.0.0) lib/rails/rack/logger.rb:38:in `call_app'
  railties (4.0.0) lib/rails/rack/logger.rb:21:in `block in call'
  activesupport (4.0.0) lib/active_support/tagged_logging.rb:67:in `block in tagged'
  activesupport (4.0.0) lib/active_support/tagged_logging.rb:25:in `tagged'
  activesupport (4.0.0) lib/active_support/tagged_logging.rb:67:in `tagged'
  railties (4.0.0) lib/rails/rack/logger.rb:21:in `call'
  actionpack (4.0.0) lib/action_dispatch/middleware/request_id.rb:21:in `call'
  rack (1.5.2) lib/rack/methodoverride.rb:21:in `call'
  rack (1.5.2) lib/rack/runtime.rb:17:in `call'
  activesupport (4.0.0) lib/active_support/cache/strategy/local_cache.rb:83:in `call'
  rack (1.5.2) lib/rack/lock.rb:17:in `call'
  actionpack (4.0.0) lib/action_dispatch/middleware/static.rb:64:in `call'
  railties (4.0.0) lib/rails/engine.rb:511:in `call'
  railties (4.0.0) lib/rails/application.rb:97:in `call'
  rack (1.5.2) lib/rack/lock.rb:17:in `call'
  rack (1.5.2) lib/rack/content_length.rb:14:in `call'
  rack (1.5.2) lib/rack/handler/webrick.rb:60:in `service'
  /Users/harshmalewar/.rvm/rubies/ruby-2.1.5/lib/ruby/2.1.0/webrick/httpserver.rb:138:in `service'
  /Users/harshmalewar/.rvm/rubies/ruby-2.1.5/lib/ruby/2.1.0/webrick/httpserver.rb:94:in `run'
  /Users/harshmalewar/.rvm/rubies/ruby-2.1.5/lib/ruby/2.1.0/webrick/server.rb:295:in `block in start_thread'


  Rendered /Users/harshmalewar/.rvm/gems/ruby-2.1.5/gems/actionpack-4.0.0/lib/action_dispatch/middleware/templates/rescues/_trace.erb (0.7ms)
  Rendered /Users/harshmalewar/.rvm/gems/ruby-2.1.5/gems/actionpack-4.0.0/lib/action_dispatch/middleware/templates/routes/_route.html.erb (1.4ms)
  Rendered /Users/harshmalewar/.rvm/gems/ruby-2.1.5/gems/actionpack-4.0.0/lib/action_dispatch/middleware/templates/routes/_table.html.erb (1.0ms)
  Rendered /Users/harshmalewar/.rvm/gems/ruby-2.1.5/gems/actionpack-4.0.0/lib/action_dispatch/middleware/templates/rescues/routing_error.erb within rescues/layout (16.5ms)


Started GET "/articles/new" for 127.0.0.1 at 2014-12-17 02:14:46 -0800
Processing by ArticlesController#new as HTML
ERROR: compiling _app_views_articles_new_html_erb___2472785918401062067_70181995173580 RAISED /Users/harshmalewar/Documents/sjsu/experiment/blog/app/views/articles/new.html.erb:2: syntax error, unexpected tSYMBEG, expecting keyword_do or '{' or '('
...  form_for :article, url: http://google.com do |form| @outpu...
...                               ^
/Users/harshmalewar/Documents/sjsu/experiment/blog/app/views/articles/new.html.erb:2: syntax error, unexpected keyword_do_block, expecting keyword_end
...icle, url: http://google.com do |form| @output_buffer.safe_a...
...                               ^
/Users/harshmalewar/Documents/sjsu/experiment/blog/app/views/articles/new.html.erb:15: syntax error, unexpected keyword_ensure, expecting end-of-input
Function body:           def _app_views_articles_new_html_erb___2472785918401062067_70181995173580(local_assigns, output_buffer)
            _old_virtual_path, @virtual_path = @virtual_path, "articles/new";_old_output_buffer = @output_buffer;;@output_buffer = output_buffer || ActionView::OutputBuffer.new;@output_buffer.safe_append='<h1>New Article</h1>
';@output_buffer.append=  form_for :article, url: http://google.com do |form| @output_buffer.safe_append='
    <p>
      ';@output_buffer.append=(form.label :title );@output_buffer.safe_append='
      ';@output_buffer.append=(form.text_field :title );@output_buffer.safe_append='
    </p>
    <p>
      ';@output_buffer.append=(form.label :text );@output_buffer.safe_append='
      ';@output_buffer.append=(form.text_area :text );@output_buffer.safe_append='
    </p>
    <p>
      ';@output_buffer.append=( form.submit );@output_buffer.safe_append='
    </p>
'; end ;@output_buffer.to_s
          ensure
            @virtual_path, @output_buffer = _old_virtual_path, _old_output_buffer
          end

Backtrace: /Users/harshmalewar/.rvm/gems/ruby-2.1.5/gems/actionpack-4.0.0/lib/action_view/template.rb:299:in `module_eval'
/Users/harshmalewar/.rvm/gems/ruby-2.1.5/gems/actionpack-4.0.0/lib/action_view/template.rb:299:in `compile'
/Users/harshmalewar/.rvm/gems/ruby-2.1.5/gems/actionpack-4.0.0/lib/action_view/template.rb:248:in `block in compile!'
/Users/harshmalewar/.rvm/gems/ruby-2.1.5/gems/actionpack-4.0.0/lib/action_view/template.rb:236:in `synchronize'
/Users/harshmalewar/.rvm/gems/ruby-2.1.5/gems/actionpack-4.0.0/lib/action_view/template.rb:236:in `compile!'
/Users/harshmalewar/.rvm/gems/ruby-2.1.5/gems/actionpack-4.0.0/lib/action_view/template.rb:142:in `block in render'
/Users/harshmalewar/.rvm/gems/ruby-2.1.5/gems/activesupport-4.0.0/lib/active_support/notifications.rb:161:in `instrument'
/Users/harshmalewar/.rvm/gems/ruby-2.1.5/gems/actionpack-4.0.0/lib/action_view/template.rb:141:in `render'
/Users/harshmalewar/.rvm/gems/ruby-2.1.5/gems/actionpack-4.0.0/lib/action_view/renderer/template_renderer.rb:49:in `block (2 levels) in render_template'
/Users/harshmalewar/.rvm/gems/ruby-2.1.5/gems/actionpack-4.0.0/lib/action_view/renderer/abstract_renderer.rb:38:in `block in instrument'
/Users/harshmalewar/.rvm/gems/ruby-2.1.5/gems/activesupport-4.0.0/lib/active_support/notifications.rb:159:in `block in instrument'
/Users/harshmalewar/.rvm/gems/ruby-2.1.5/gems/activesupport-4.0.0/lib/active_support/notifications/instrumenter.rb:20:in `instrument'
/Users/harshmalewar/.rvm/gems/ruby-2.1.5/gems/activesupport-4.0.0/lib/active_support/notifications.rb:159:in `instrument'
/Users/harshmalewar/.rvm/gems/ruby-2.1.5/gems/actionpack-4.0.0/lib/action_view/renderer/abstract_renderer.rb:38:in `instrument'
/Users/harshmalewar/.rvm/gems/ruby-2.1.5/gems/actionpack-4.0.0/lib/action_view/renderer/template_renderer.rb:48:in `block in render_template'
/Users/harshmalewar/.rvm/gems/ruby-2.1.5/gems/actionpack-4.0.0/lib/action_view/renderer/template_renderer.rb:56:in `render_with_layout'
/Users/harshmalewar/.rvm/gems/ruby-2.1.5/gems/actionpack-4.0.0/lib/action_view/renderer/template_renderer.rb:47:in `render_template'
/Users/harshmalewar/.rvm/gems/ruby-2.1.5/gems/actionpack-4.0.0/lib/action_view/renderer/template_renderer.rb:17:in `render'
/Users/harshmalewar/.rvm/gems/ruby-2.1.5/gems/actionpack-4.0.0/lib/action_view/renderer/renderer.rb:42:in `render_template'
/Users/harshmalewar/.rvm/gems/ruby-2.1.5/gems/actionpack-4.0.0/lib/action_view/renderer/renderer.rb:23:in `render'
/Users/harshmalewar/.rvm/gems/ruby-2.1.5/gems/actionpack-4.0.0/lib/abstract_controller/rendering.rb:127:in `_render_template'
/Users/harshmalewar/.rvm/gems/ruby-2.1.5/gems/actionpack-4.0.0/lib/action_controller/metal/streaming.rb:219:in `_render_template'
/Users/harshmalewar/.rvm/gems/ruby-2.1.5/gems/actionpack-4.0.0/lib/abstract_controller/rendering.rb:120:in `render_to_body'
/Users/harshmalewar/.rvm/gems/ruby-2.1.5/gems/actionpack-4.0.0/lib/action_controller/metal/rendering.rb:33:in `render_to_body'
/Users/harshmalewar/.rvm/gems/ruby-2.1.5/gems/actionpack-4.0.0/lib/action_controller/metal/renderers.rb:26:in `render_to_body'
/Users/harshmalewar/.rvm/gems/ruby-2.1.5/gems/actionpack-4.0.0/lib/abstract_controller/rendering.rb:97:in `render'
/Users/harshmalewar/.rvm/gems/ruby-2.1.5/gems/actionpack-4.0.0/lib/action_controller/metal/rendering.rb:16:in `render'
/Users/harshmalewar/.rvm/gems/ruby-2.1.5/gems/actionpack-4.0.0/lib/action_controller/metal/instrumentation.rb:41:in `block (2 levels) in render'
/Users/harshmalewar/.rvm/gems/ruby-2.1.5/gems/activesupport-4.0.0/lib/active_support/core_ext/benchmark.rb:12:in `block in ms'
/Users/harshmalewar/.rvm/rubies/ruby-2.1.5/lib/ruby/2.1.0/benchmark.rb:294:in `realtime'
/Users/harshmalewar/.rvm/gems/ruby-2.1.5/gems/activesupport-4.0.0/lib/active_support/core_ext/benchmark.rb:12:in `ms'
/Users/harshmalewar/.rvm/gems/ruby-2.1.5/gems/actionpack-4.0.0/lib/action_controller/metal/instrumentation.rb:41:in `block in render'
/Users/harshmalewar/.rvm/gems/ruby-2.1.5/gems/actionpack-4.0.0/lib/action_controller/metal/instrumentation.rb:84:in `cleanup_view_runtime'
/Users/harshmalewar/.rvm/gems/ruby-2.1.5/gems/activerecord-4.0.0/lib/active_record/railties/controller_runtime.rb:25:in `cleanup_view_runtime'
/Users/harshmalewar/.rvm/gems/ruby-2.1.5/gems/actionpack-4.0.0/lib/action_controller/metal/instrumentation.rb:40:in `render'
/Users/harshmalewar/.rvm/gems/ruby-2.1.5/gems/actionpack-4.0.0/lib/action_controller/metal/implicit_render.rb:10:in `default_render'
/Users/harshmalewar/.rvm/gems/ruby-2.1.5/gems/actionpack-4.0.0/lib/action_controller/metal/implicit_render.rb:5:in `send_action'
/Users/harshmalewar/.rvm/gems/ruby-2.1.5/gems/actionpack-4.0.0/lib/abstract_controller/base.rb:189:in `process_action'
/Users/harshmalewar/.rvm/gems/ruby-2.1.5/gems/actionpack-4.0.0/lib/action_controller/metal/rendering.rb:10:in `process_action'
/Users/harshmalewar/.rvm/gems/ruby-2.1.5/gems/actionpack-4.0.0/lib/abstract_controller/callbacks.rb:18:in `block in process_action'
/Users/harshmalewar/.rvm/gems/ruby-2.1.5/gems/activesupport-4.0.0/lib/active_support/callbacks.rb:403:in `_run__1567404521049566747__process_action__callbacks'
/Users/harshmalewar/.rvm/gems/ruby-2.1.5/gems/activesupport-4.0.0/lib/active_support/callbacks.rb:80:in `run_callbacks'
/Users/harshmalewar/.rvm/gems/ruby-2.1.5/gems/actionpack-4.0.0/lib/abstract_controller/callbacks.rb:17:in `process_action'
/Users/harshmalewar/.rvm/gems/ruby-2.1.5/gems/actionpack-4.0.0/lib/action_controller/metal/rescue.rb:29:in `process_action'
/Users/harshmalewar/.rvm/gems/ruby-2.1.5/gems/actionpack-4.0.0/lib/action_controller/metal/instrumentation.rb:31:in `block in process_action'
/Users/harshmalewar/.rvm/gems/ruby-2.1.5/gems/activesupport-4.0.0/lib/active_support/notifications.rb:159:in `block in instrument'
/Users/harshmalewar/.rvm/gems/ruby-2.1.5/gems/activesupport-4.0.0/lib/active_support/notifications/instrumenter.rb:20:in `instrument'
/Users/harshmalewar/.rvm/gems/ruby-2.1.5/gems/activesupport-4.0.0/lib/active_support/notifications.rb:159:in `instrument'
/Users/harshmalewar/.rvm/gems/ruby-2.1.5/gems/actionpack-4.0.0/lib/action_controller/metal/instrumentation.rb:30:in `process_action'
/Users/harshmalewar/.rvm/gems/ruby-2.1.5/gems/actionpack-4.0.0/lib/action_controller/metal/params_wrapper.rb:245:in `process_action'
/Users/harshmalewar/.rvm/gems/ruby-2.1.5/gems/activerecord-4.0.0/lib/active_record/railties/controller_runtime.rb:18:in `process_action'
/Users/harshmalewar/.rvm/gems/ruby-2.1.5/gems/actionpack-4.0.0/lib/abstract_controller/base.rb:136:in `process'
/Users/harshmalewar/.rvm/gems/ruby-2.1.5/gems/actionpack-4.0.0/lib/abstract_controller/rendering.rb:44:in `process'
/Users/harshmalewar/.rvm/gems/ruby-2.1.5/gems/actionpack-4.0.0/lib/action_controller/metal.rb:195:in `dispatch'
/Users/harshmalewar/.rvm/gems/ruby-2.1.5/gems/actionpack-4.0.0/lib/action_controller/metal/rack_delegation.rb:13:in `dispatch'
/Users/harshmalewar/.rvm/gems/ruby-2.1.5/gems/actionpack-4.0.0/lib/action_controller/metal.rb:231:in `block in action'
/Users/harshmalewar/.rvm/gems/ruby-2.1.5/gems/actionpack-4.0.0/lib/action_dispatch/routing/route_set.rb:80:in `call'
/Users/harshmalewar/.rvm/gems/ruby-2.1.5/gems/actionpack-4.0.0/lib/action_dispatch/routing/route_set.rb:80:in `dispatch'
/Users/harshmalewar/.rvm/gems/ruby-2.1.5/gems/actionpack-4.0.0/lib/action_dispatch/routing/route_set.rb:48:in `call'
/Users/harshmalewar/.rvm/gems/ruby-2.1.5/gems/actionpack-4.0.0/lib/action_dispatch/journey/router.rb:71:in `block in call'
/Users/harshmalewar/.rvm/gems/ruby-2.1.5/gems/actionpack-4.0.0/lib/action_dispatch/journey/router.rb:59:in `each'
/Users/harshmalewar/.rvm/gems/ruby-2.1.5/gems/actionpack-4.0.0/lib/action_dispatch/journey/router.rb:59:in `call'
/Users/harshmalewar/.rvm/gems/ruby-2.1.5/gems/actionpack-4.0.0/lib/action_dispatch/routing/route_set.rb:655:in `call'
/Users/harshmalewar/.rvm/gems/ruby-2.1.5@global/gems/rack-1.5.2/lib/rack/etag.rb:23:in `call'
/Users/harshmalewar/.rvm/gems/ruby-2.1.5@global/gems/rack-1.5.2/lib/rack/conditionalget.rb:25:in `call'
/Users/harshmalewar/.rvm/gems/ruby-2.1.5@global/gems/rack-1.5.2/lib/rack/head.rb:11:in `call'
/Users/harshmalewar/.rvm/gems/ruby-2.1.5/gems/actionpack-4.0.0/lib/action_dispatch/middleware/params_parser.rb:27:in `call'
/Users/harshmalewar/.rvm/gems/ruby-2.1.5/gems/actionpack-4.0.0/lib/action_dispatch/middleware/flash.rb:241:in `call'
/Users/harshmalewar/.rvm/gems/ruby-2.1.5@global/gems/rack-1.5.2/lib/rack/session/abstract/id.rb:225:in `context'
/Users/harshmalewar/.rvm/gems/ruby-2.1.5@global/gems/rack-1.5.2/lib/rack/session/abstract/id.rb:220:in `call'
/Users/harshmalewar/.rvm/gems/ruby-2.1.5/gems/actionpack-4.0.0/lib/action_dispatch/middleware/cookies.rb:486:in `call'
/Users/harshmalewar/.rvm/gems/ruby-2.1.5/gems/activerecord-4.0.0/lib/active_record/query_cache.rb:36:in `call'
/Users/harshmalewar/.rvm/gems/ruby-2.1.5/gems/activerecord-4.0.0/lib/active_record/connection_adapters/abstract/connection_pool.rb:626:in `call'
/Users/harshmalewar/.rvm/gems/ruby-2.1.5/gems/activerecord-4.0.0/lib/active_record/migration.rb:369:in `call'
/Users/harshmalewar/.rvm/gems/ruby-2.1.5/gems/actionpack-4.0.0/lib/action_dispatch/middleware/callbacks.rb:29:in `block in call'
/Users/harshmalewar/.rvm/gems/ruby-2.1.5/gems/activesupport-4.0.0/lib/active_support/callbacks.rb:373:in `_run__2606074894772126586__call__callbacks'
/Users/harshmalewar/.rvm/gems/ruby-2.1.5/gems/activesupport-4.0.0/lib/active_support/callbacks.rb:80:in `run_callbacks'
/Users/harshmalewar/.rvm/gems/ruby-2.1.5/gems/actionpack-4.0.0/lib/action_dispatch/middleware/callbacks.rb:27:in `call'
/Users/harshmalewar/.rvm/gems/ruby-2.1.5/gems/actionpack-4.0.0/lib/action_dispatch/middleware/reloader.rb:64:in `call'
/Users/harshmalewar/.rvm/gems/ruby-2.1.5/gems/actionpack-4.0.0/lib/action_dispatch/middleware/remote_ip.rb:76:in `call'
/Users/harshmalewar/.rvm/gems/ruby-2.1.5/gems/actionpack-4.0.0/lib/action_dispatch/middleware/debug_exceptions.rb:17:in `call'
/Users/harshmalewar/.rvm/gems/ruby-2.1.5/gems/actionpack-4.0.0/lib/action_dispatch/middleware/show_exceptions.rb:30:in `call'
/Users/harshmalewar/.rvm/gems/ruby-2.1.5/gems/railties-4.0.0/lib/rails/rack/logger.rb:38:in `call_app'
/Users/harshmalewar/.rvm/gems/ruby-2.1.5/gems/railties-4.0.0/lib/rails/rack/logger.rb:21:in `block in call'
/Users/harshmalewar/.rvm/gems/ruby-2.1.5/gems/activesupport-4.0.0/lib/active_support/tagged_logging.rb:67:in `block in tagged'
/Users/harshmalewar/.rvm/gems/ruby-2.1.5/gems/activesupport-4.0.0/lib/active_support/tagged_logging.rb:25:in `tagged'
/Users/harshmalewar/.rvm/gems/ruby-2.1.5/gems/activesupport-4.0.0/lib/active_support/tagged_logging.rb:67:in `tagged'
/Users/harshmalewar/.rvm/gems/ruby-2.1.5/gems/railties-4.0.0/lib/rails/rack/logger.rb:21:in `call'
/Users/harshmalewar/.rvm/gems/ruby-2.1.5/gems/actionpack-4.0.0/lib/action_dispatch/middleware/request_id.rb:21:in `call'
/Users/harshmalewar/.rvm/gems/ruby-2.1.5@global/gems/rack-1.5.2/lib/rack/methodoverride.rb:21:in `call'
/Users/harshmalewar/.rvm/gems/ruby-2.1.5@global/gems/rack-1.5.2/lib/rack/runtime.rb:17:in `call'
/Users/harshmalewar/.rvm/gems/ruby-2.1.5/gems/activesupport-4.0.0/lib/active_support/cache/strategy/local_cache.rb:83:in `call'
/Users/harshmalewar/.rvm/gems/ruby-2.1.5@global/gems/rack-1.5.2/lib/rack/lock.rb:17:in `call'
/Users/harshmalewar/.rvm/gems/ruby-2.1.5/gems/actionpack-4.0.0/lib/action_dispatch/middleware/static.rb:64:in `call'
/Users/harshmalewar/.rvm/gems/ruby-2.1.5/gems/railties-4.0.0/lib/rails/engine.rb:511:in `call'
/Users/harshmalewar/.rvm/gems/ruby-2.1.5/gems/railties-4.0.0/lib/rails/application.rb:97:in `call'
/Users/harshmalewar/.rvm/gems/ruby-2.1.5@global/gems/rack-1.5.2/lib/rack/lock.rb:17:in `call'
/Users/harshmalewar/.rvm/gems/ruby-2.1.5@global/gems/rack-1.5.2/lib/rack/content_length.rb:14:in `call'
/Users/harshmalewar/.rvm/gems/ruby-2.1.5@global/gems/rack-1.5.2/lib/rack/handler/webrick.rb:60:in `service'
/Users/harshmalewar/.rvm/rubies/ruby-2.1.5/lib/ruby/2.1.0/webrick/httpserver.rb:138:in `service'
/Users/harshmalewar/.rvm/rubies/ruby-2.1.5/lib/ruby/2.1.0/webrick/httpserver.rb:94:in `run'
/Users/harshmalewar/.rvm/rubies/ruby-2.1.5/lib/ruby/2.1.0/webrick/server.rb:295:in `block in start_thread'
  Rendered articles/new.html.erb within layouts/application (2.6ms)
Completed 500 Internal Server Error in 4ms

ActionView::Template::Error (/Users/harshmalewar/Documents/sjsu/experiment/blog/app/views/articles/new.html.erb:2: syntax error, unexpected tSYMBEG, expecting keyword_do or '{' or '('
...  form_for :article, url: http://google.com do |form| @outpu...
...                               ^
/Users/harshmalewar/Documents/sjsu/experiment/blog/app/views/articles/new.html.erb:2: syntax error, unexpected keyword_do_block, expecting keyword_end
...icle, url: http://google.com do |form| @output_buffer.safe_a...
...                               ^
/Users/harshmalewar/Documents/sjsu/experiment/blog/app/views/articles/new.html.erb:15: syntax error, unexpected keyword_ensure, expecting end-of-input):
    1: <h1>New Article</h1>
    2: <%= form_for :article, url: http://google.com do |form| %>
    3:     <p>
    4:       <%=form.label :title %>
    5:       <%=form.text_field :title %>
  actionpack (4.0.0) lib/action_view/template.rb:299:in `module_eval'
  actionpack (4.0.0) lib/action_view/template.rb:299:in `compile'
  actionpack (4.0.0) lib/action_view/template.rb:248:in `block in compile!'
  actionpack (4.0.0) lib/action_view/template.rb:236:in `synchronize'
  actionpack (4.0.0) lib/action_view/template.rb:236:in `compile!'
  actionpack (4.0.0) lib/action_view/template.rb:142:in `block in render'
  activesupport (4.0.0) lib/active_support/notifications.rb:161:in `instrument'
  actionpack (4.0.0) lib/action_view/template.rb:141:in `render'
  actionpack (4.0.0) lib/action_view/renderer/template_renderer.rb:49:in `block (2 levels) in render_template'
  actionpack (4.0.0) lib/action_view/renderer/abstract_renderer.rb:38:in `block in instrument'
  activesupport (4.0.0) lib/active_support/notifications.rb:159:in `block in instrument'
  activesupport (4.0.0) lib/active_support/notifications/instrumenter.rb:20:in `instrument'
  activesupport (4.0.0) lib/active_support/notifications.rb:159:in `instrument'
  actionpack (4.0.0) lib/action_view/renderer/abstract_renderer.rb:38:in `instrument'
  actionpack (4.0.0) lib/action_view/renderer/template_renderer.rb:48:in `block in render_template'
  actionpack (4.0.0) lib/action_view/renderer/template_renderer.rb:56:in `render_with_layout'
  actionpack (4.0.0) lib/action_view/renderer/template_renderer.rb:47:in `render_template'
  actionpack (4.0.0) lib/action_view/renderer/template_renderer.rb:17:in `render'
  actionpack (4.0.0) lib/action_view/renderer/renderer.rb:42:in `render_template'
  actionpack (4.0.0) lib/action_view/renderer/renderer.rb:23:in `render'
  actionpack (4.0.0) lib/abstract_controller/rendering.rb:127:in `_render_template'
  actionpack (4.0.0) lib/action_controller/metal/streaming.rb:219:in `_render_template'
  actionpack (4.0.0) lib/abstract_controller/rendering.rb:120:in `render_to_body'
  actionpack (4.0.0) lib/action_controller/metal/rendering.rb:33:in `render_to_body'
  actionpack (4.0.0) lib/action_controller/metal/renderers.rb:26:in `render_to_body'
  actionpack (4.0.0) lib/abstract_controller/rendering.rb:97:in `render'
  actionpack (4.0.0) lib/action_controller/metal/rendering.rb:16:in `render'
  actionpack (4.0.0) lib/action_controller/metal/instrumentation.rb:41:in `block (2 levels) in render'
  activesupport (4.0.0) lib/active_support/core_ext/benchmark.rb:12:in `block in ms'
  /Users/harshmalewar/.rvm/rubies/ruby-2.1.5/lib/ruby/2.1.0/benchmark.rb:294:in `realtime'
  activesupport (4.0.0) lib/active_support/core_ext/benchmark.rb:12:in `ms'
  actionpack (4.0.0) lib/action_controller/metal/instrumentation.rb:41:in `block in render'
  actionpack (4.0.0) lib/action_controller/metal/instrumentation.rb:84:in `cleanup_view_runtime'
  activerecord (4.0.0) lib/active_record/railties/controller_runtime.rb:25:in `cleanup_view_runtime'
  actionpack (4.0.0) lib/action_controller/metal/instrumentation.rb:40:in `render'
  actionpack (4.0.0) lib/action_controller/metal/implicit_render.rb:10:in `default_render'
  actionpack (4.0.0) lib/action_controller/metal/implicit_render.rb:5:in `send_action'
  actionpack (4.0.0) lib/abstract_controller/base.rb:189:in `process_action'
  actionpack (4.0.0) lib/action_controller/metal/rendering.rb:10:in `process_action'
  actionpack (4.0.0) lib/abstract_controller/callbacks.rb:18:in `block in process_action'
  activesupport (4.0.0) lib/active_support/callbacks.rb:403:in `_run__1567404521049566747__process_action__callbacks'
  activesupport (4.0.0) lib/active_support/callbacks.rb:80:in `run_callbacks'
  actionpack (4.0.0) lib/abstract_controller/callbacks.rb:17:in `process_action'
  actionpack (4.0.0) lib/action_controller/metal/rescue.rb:29:in `process_action'
  actionpack (4.0.0) lib/action_controller/metal/instrumentation.rb:31:in `block in process_action'
  activesupport (4.0.0) lib/active_support/notifications.rb:159:in `block in instrument'
  activesupport (4.0.0) lib/active_support/notifications/instrumenter.rb:20:in `instrument'
  activesupport (4.0.0) lib/active_support/notifications.rb:159:in `instrument'
  actionpack (4.0.0) lib/action_controller/metal/instrumentation.rb:30:in `process_action'
  actionpack (4.0.0) lib/action_controller/metal/params_wrapper.rb:245:in `process_action'
  activerecord (4.0.0) lib/active_record/railties/controller_runtime.rb:18:in `process_action'
  actionpack (4.0.0) lib/abstract_controller/base.rb:136:in `process'
  actionpack (4.0.0) lib/abstract_controller/rendering.rb:44:in `process'
  actionpack (4.0.0) lib/action_controller/metal.rb:195:in `dispatch'
  actionpack (4.0.0) lib/action_controller/metal/rack_delegation.rb:13:in `dispatch'
  actionpack (4.0.0) lib/action_controller/metal.rb:231:in `block in action'
  actionpack (4.0.0) lib/action_dispatch/routing/route_set.rb:80:in `call'
  actionpack (4.0.0) lib/action_dispatch/routing/route_set.rb:80:in `dispatch'
  actionpack (4.0.0) lib/action_dispatch/routing/route_set.rb:48:in `call'
  actionpack (4.0.0) lib/action_dispatch/journey/router.rb:71:in `block in call'
  actionpack (4.0.0) lib/action_dispatch/journey/router.rb:59:in `each'
  actionpack (4.0.0) lib/action_dispatch/journey/router.rb:59:in `call'
  actionpack (4.0.0) lib/action_dispatch/routing/route_set.rb:655:in `call'
  rack (1.5.2) lib/rack/etag.rb:23:in `call'
  rack (1.5.2) lib/rack/conditionalget.rb:25:in `call'
  rack (1.5.2) lib/rack/head.rb:11:in `call'
  actionpack (4.0.0) lib/action_dispatch/middleware/params_parser.rb:27:in `call'
  actionpack (4.0.0) lib/action_dispatch/middleware/flash.rb:241:in `call'
  rack (1.5.2) lib/rack/session/abstract/id.rb:225:in `context'
  rack (1.5.2) lib/rack/session/abstract/id.rb:220:in `call'
  actionpack (4.0.0) lib/action_dispatch/middleware/cookies.rb:486:in `call'
  activerecord (4.0.0) lib/active_record/query_cache.rb:36:in `call'
  activerecord (4.0.0) lib/active_record/connection_adapters/abstract/connection_pool.rb:626:in `call'
  activerecord (4.0.0) lib/active_record/migration.rb:369:in `call'
  actionpack (4.0.0) lib/action_dispatch/middleware/callbacks.rb:29:in `block in call'
  activesupport (4.0.0) lib/active_support/callbacks.rb:373:in `_run__2606074894772126586__call__callbacks'
  activesupport (4.0.0) lib/active_support/callbacks.rb:80:in `run_callbacks'
  actionpack (4.0.0) lib/action_dispatch/middleware/callbacks.rb:27:in `call'
  actionpack (4.0.0) lib/action_dispatch/middleware/reloader.rb:64:in `call'
  actionpack (4.0.0) lib/action_dispatch/middleware/remote_ip.rb:76:in `call'
  actionpack (4.0.0) lib/action_dispatch/middleware/debug_exceptions.rb:17:in `call'
  actionpack (4.0.0) lib/action_dispatch/middleware/show_exceptions.rb:30:in `call'
  railties (4.0.0) lib/rails/rack/logger.rb:38:in `call_app'
  railties (4.0.0) lib/rails/rack/logger.rb:21:in `block in call'
  activesupport (4.0.0) lib/active_support/tagged_logging.rb:67:in `block in tagged'
  activesupport (4.0.0) lib/active_support/tagged_logging.rb:25:in `tagged'
  activesupport (4.0.0) lib/active_support/tagged_logging.rb:67:in `tagged'
  railties (4.0.0) lib/rails/rack/logger.rb:21:in `call'
  actionpack (4.0.0) lib/action_dispatch/middleware/request_id.rb:21:in `call'
  rack (1.5.2) lib/rack/methodoverride.rb:21:in `call'
  rack (1.5.2) lib/rack/runtime.rb:17:in `call'
  activesupport (4.0.0) lib/active_support/cache/strategy/local_cache.rb:83:in `call'
  rack (1.5.2) lib/rack/lock.rb:17:in `call'
  actionpack (4.0.0) lib/action_dispatch/middleware/static.rb:64:in `call'
  railties (4.0.0) lib/rails/engine.rb:511:in `call'
  railties (4.0.0) lib/rails/application.rb:97:in `call'
  rack (1.5.2) lib/rack/lock.rb:17:in `call'
  rack (1.5.2) lib/rack/content_length.rb:14:in `call'
  rack (1.5.2) lib/rack/handler/webrick.rb:60:in `service'
  /Users/harshmalewar/.rvm/rubies/ruby-2.1.5/lib/ruby/2.1.0/webrick/httpserver.rb:138:in `service'
  /Users/harshmalewar/.rvm/rubies/ruby-2.1.5/lib/ruby/2.1.0/webrick/httpserver.rb:94:in `run'
  /Users/harshmalewar/.rvm/rubies/ruby-2.1.5/lib/ruby/2.1.0/webrick/server.rb:295:in `block in start_thread'


  Rendered /Users/harshmalewar/.rvm/gems/ruby-2.1.5/gems/actionpack-4.0.0/lib/action_dispatch/middleware/templates/rescues/_trace.erb (1.3ms)
  Rendered /Users/harshmalewar/.rvm/gems/ruby-2.1.5/gems/actionpack-4.0.0/lib/action_dispatch/middleware/templates/rescues/_request_and_response.erb (0.9ms)
  Rendered /Users/harshmalewar/.rvm/gems/ruby-2.1.5/gems/actionpack-4.0.0/lib/action_dispatch/middleware/templates/rescues/template_error.erb within rescues/layout (13.3ms)


Started GET "/articles/new" for 127.0.0.1 at 2014-12-17 02:15:00 -0800
Processing by ArticlesController#new as HTML
  Rendered articles/new.html.erb within layouts/application (1.6ms)
Completed 200 OK in 6ms (Views: 5.6ms | ActiveRecord: 0.0ms)


Started GET "/assets/application.css?body=1" for 127.0.0.1 at 2014-12-17 02:15:00 -0800


Started GET "/assets/jquery_ujs.js?body=1" for 127.0.0.1 at 2014-12-17 02:15:00 -0800


Started GET "/assets/welcome.css?body=1" for 127.0.0.1 at 2014-12-17 02:15:00 -0800


Started GET "/assets/jquery.js?body=1" for 127.0.0.1 at 2014-12-17 02:15:00 -0800


Started GET "/assets/articles.css?body=1" for 127.0.0.1 at 2014-12-17 02:15:00 -0800


Started GET "/assets/turbolinks.js?body=1" for 127.0.0.1 at 2014-12-17 02:15:00 -0800


Started GET "/assets/articles.js?body=1" for 127.0.0.1 at 2014-12-17 02:15:00 -0800


Started GET "/assets/welcome.js?body=1" for 127.0.0.1 at 2014-12-17 02:15:00 -0800


Started GET "/assets/application.js?body=1" for 127.0.0.1 at 2014-12-17 02:15:00 -0800


Started GET "/articles/new" for 127.0.0.1 at 2014-12-17 02:15:28 -0800
Processing by ArticlesController#new as HTML
  Rendered articles/new.html.erb within layouts/application (1.4ms)
Completed 200 OK in 5ms (Views: 4.7ms | ActiveRecord: 0.0ms)


Started GET "/assets/application.css?body=1" for 127.0.0.1 at 2014-12-17 02:15:28 -0800


Started GET "/assets/articles.css?body=1" for 127.0.0.1 at 2014-12-17 02:15:28 -0800


Started GET "/assets/welcome.css?body=1" for 127.0.0.1 at 2014-12-17 02:15:28 -0800


Started GET "/assets/jquery_ujs.js?body=1" for 127.0.0.1 at 2014-12-17 02:15:28 -0800


Started GET "/assets/jquery.js?body=1" for 127.0.0.1 at 2014-12-17 02:15:28 -0800


Started GET "/assets/turbolinks.js?body=1" for 127.0.0.1 at 2014-12-17 02:15:28 -0800


Started GET "/assets/articles.js?body=1" for 127.0.0.1 at 2014-12-17 02:15:28 -0800


Started GET "/assets/welcome.js?body=1" for 127.0.0.1 at 2014-12-17 02:15:28 -0800


Started GET "/assets/application.js?body=1" for 127.0.0.1 at 2014-12-17 02:15:28 -0800


Started POST "/articles" for 127.0.0.1 at 2014-12-17 02:15:32 -0800
Processing by ArticlesController#create as HTML
  Parameters: {"utf8"=>"", "authenticity_token"=>"BJMtKEAN8188d0j4x2GoAVYGCrPV5bxt5dsF4fW3i6M=", "article"=>{"title"=>"sdasd", "text"=>"asdasd"}, "commit"=>"Save Article"}
Completed 500 Internal Server Error in 2ms

ActionView::MissingTemplate (Missing template articles/create, application/create with {:locale=>[:en], :formats=>[:html], :handlers=>[:erb, :builder, :raw, :ruby, :jbuilder, :coffee]}. Searched in:
  * "/Users/harshmalewar/Documents/sjsu/experiment/blog/app/views"
):
  app/controllers/articles_controller.rb:7:in `create'


  Rendered /Users/harshmalewar/.rvm/gems/ruby-2.1.5/gems/actionpack-4.0.0/lib/action_dispatch/middleware/templates/rescues/missing_template.erb within rescues/layout (0.5ms)


Started GET "/articles/new" for 127.0.0.1 at 2014-12-17 02:16:00 -0800
Processing by ArticlesController#new as HTML
  Rendered articles/new.html.erb within layouts/application (1.7ms)
Completed 200 OK in 7ms (Views: 6.4ms | ActiveRecord: 0.0ms)


Started GET "/assets/articles.css?body=1" for 127.0.0.1 at 2014-12-17 02:16:00 -0800


Started GET "/assets/application.css?body=1" for 127.0.0.1 at 2014-12-17 02:16:00 -0800


Started GET "/assets/welcome.css?body=1" for 127.0.0.1 at 2014-12-17 02:16:00 -0800


Started GET "/assets/turbolinks.js?body=1" for 127.0.0.1 at 2014-12-17 02:16:00 -0800


Started GET "/assets/jquery_ujs.js?body=1" for 127.0.0.1 at 2014-12-17 02:16:00 -0800


Started GET "/assets/jquery.js?body=1" for 127.0.0.1 at 2014-12-17 02:16:00 -0800


Started GET "/assets/articles.js?body=1" for 127.0.0.1 at 2014-12-17 02:16:00 -0800


Started GET "/assets/application.js?body=1" for 127.0.0.1 at 2014-12-17 02:16:00 -0800


Started GET "/assets/welcome.js?body=1" for 127.0.0.1 at 2014-12-17 02:16:00 -0800


Started POST "/articles" for 127.0.0.1 at 2014-12-17 02:16:06 -0800
Processing by ArticlesController#create as HTML
  Parameters: {"utf8"=>"", "authenticity_token"=>"BJMtKEAN8188d0j4x2GoAVYGCrPV5bxt5dsF4fW3i6M=", "article"=>{"title"=>"mjn", "text"=>"mnjn"}, "commit"=>"Save Article"}
Completed 500 Internal Server Error in 1ms

ActionView::MissingTemplate (Missing template articles/create, application/create with {:locale=>[:en], :formats=>[:html], :handlers=>[:erb, :builder, :raw, :ruby, :jbuilder, :coffee]}. Searched in:
  * "/Users/harshmalewar/Documents/sjsu/experiment/blog/app/views"
):
  app/controllers/articles_controller.rb:6:in `create'


  Rendered /Users/harshmalewar/.rvm/gems/ruby-2.1.5/gems/actionpack-4.0.0/lib/action_dispatch/middleware/templates/rescues/missing_template.erb within rescues/layout (0.5ms)


Started POST "/articles" for 127.0.0.1 at 2014-12-17 02:16:54 -0800
Processing by ArticlesController#create as HTML
  Parameters: {"utf8"=>"", "authenticity_token"=>"BJMtKEAN8188d0j4x2GoAVYGCrPV5bxt5dsF4fW3i6M=", "article"=>{"title"=>"mjn", "text"=>"mnjn"}, "commit"=>"Save Article"}
Completed 500 Internal Server Error in 2ms

ActionView::MissingTemplate (Missing template articles/create, application/create with {:locale=>[:en], :formats=>[:html], :handlers=>[:erb, :builder, :raw, :ruby, :jbuilder, :coffee]}. Searched in:
  * "/Users/harshmalewar/Documents/sjsu/experiment/blog/app/views"
):
  app/controllers/articles_controller.rb:6:in `create'


  Rendered /Users/harshmalewar/.rvm/gems/ruby-2.1.5/gems/actionpack-4.0.0/lib/action_dispatch/middleware/templates/rescues/missing_template.erb within rescues/layout (0.6ms)


Started GET "/articles/new" for 127.0.0.1 at 2014-12-17 02:16:58 -0800
Processing by ArticlesController#new as HTML
  Rendered articles/new.html.erb within layouts/application (1.6ms)
Completed 200 OK in 8ms (Views: 7.1ms | ActiveRecord: 0.0ms)


Started GET "/assets/application.css?body=1" for 127.0.0.1 at 2014-12-17 02:16:58 -0800


Started GET "/assets/articles.css?body=1" for 127.0.0.1 at 2014-12-17 02:16:58 -0800


Started GET "/assets/articles.js?body=1" for 127.0.0.1 at 2014-12-17 02:16:58 -0800


Started GET "/assets/turbolinks.js?body=1" for 127.0.0.1 at 2014-12-17 02:16:58 -0800


Started GET "/assets/welcome.css?body=1" for 127.0.0.1 at 2014-12-17 02:16:58 -0800


Started GET "/assets/jquery_ujs.js?body=1" for 127.0.0.1 at 2014-12-17 02:16:58 -0800


Started GET "/assets/welcome.js?body=1" for 127.0.0.1 at 2014-12-17 02:16:58 -0800


Started GET "/assets/jquery.js?body=1" for 127.0.0.1 at 2014-12-17 02:16:58 -0800


Started GET "/assets/application.js?body=1" for 127.0.0.1 at 2014-12-17 02:16:58 -0800


Started POST "/articles" for 127.0.0.1 at 2014-12-17 02:17:02 -0800
Processing by ArticlesController#create as HTML
  Parameters: {"utf8"=>"", "authenticity_token"=>"BJMtKEAN8188d0j4x2GoAVYGCrPV5bxt5dsF4fW3i6M=", "article"=>{"title"=>"asd", "text"=>"j"}, "commit"=>"Save Article"}
Completed 500 Internal Server Error in 2ms

ActionView::MissingTemplate (Missing template articles/create, application/create with {:locale=>[:en], :formats=>[:html], :handlers=>[:erb, :builder, :raw, :ruby, :jbuilder, :coffee]}. Searched in:
  * "/Users/harshmalewar/Documents/sjsu/experiment/blog/app/views"
):
  app/controllers/articles_controller.rb:6:in `create'


  Rendered /Users/harshmalewar/.rvm/gems/ruby-2.1.5/gems/actionpack-4.0.0/lib/action_dispatch/middleware/templates/rescues/missing_template.erb within rescues/layout (0.5ms)


Started POST "/articles" for 127.0.0.1 at 2014-12-17 02:17:36 -0800
Processing by ArticlesController#create as HTML
  Parameters: {"utf8"=>"", "authenticity_token"=>"BJMtKEAN8188d0j4x2GoAVYGCrPV5bxt5dsF4fW3i6M=", "article"=>{"title"=>"asd", "text"=>"j"}, "commit"=>"Save Article"}
Completed 500 Internal Server Error in 19ms

ActionView::MissingTemplate (Missing template articles/create, application/create with {:locale=>[:en], :formats=>[:html], :handlers=>[:erb, :builder, :raw, :ruby, :jbuilder, :coffee]}. Searched in:
  * "/Users/harshmalewar/Documents/sjsu/experiment/blog/app/views"
):
  app/controllers/articles_controller.rb:6:in `create'


  Rendered /Users/harshmalewar/.rvm/gems/ruby-2.1.5/gems/actionpack-4.0.0/lib/action_dispatch/middleware/templates/rescues/missing_template.erb within rescues/layout (1.7ms)


Started GET "/articles/new" for 127.0.0.1 at 2014-12-17 02:17:39 -0800
Processing by ArticlesController#new as HTML
  Rendered articles/new.html.erb within layouts/application (19.5ms)
Completed 200 OK in 60ms (Views: 59.2ms | ActiveRecord: 0.0ms)


Started GET "/assets/application.css?body=1" for 127.0.0.1 at 2014-12-17 02:17:39 -0800


Started GET "/assets/articles.css?body=1" for 127.0.0.1 at 2014-12-17 02:17:39 -0800


Started GET "/assets/welcome.css?body=1" for 127.0.0.1 at 2014-12-17 02:17:39 -0800


Started GET "/assets/jquery_ujs.js?body=1" for 127.0.0.1 at 2014-12-17 02:17:39 -0800


Started GET "/assets/turbolinks.js?body=1" for 127.0.0.1 at 2014-12-17 02:17:39 -0800


Started GET "/assets/jquery.js?body=1" for 127.0.0.1 at 2014-12-17 02:17:39 -0800


Started GET "/assets/articles.js?body=1" for 127.0.0.1 at 2014-12-17 02:17:39 -0800


Started GET "/assets/welcome.js?body=1" for 127.0.0.1 at 2014-12-17 02:17:39 -0800


Started GET "/assets/application.js?body=1" for 127.0.0.1 at 2014-12-17 02:17:39 -0800


Started POST "/articles" for 127.0.0.1 at 2014-12-17 02:17:47 -0800
Processing by ArticlesController#create as HTML
  Parameters: {"utf8"=>"", "authenticity_token"=>"BJMtKEAN8188d0j4x2GoAVYGCrPV5bxt5dsF4fW3i6M=", "article"=>{"title"=>"asd", "text"=>"j"}, "commit"=>"Save Article"}
Completed 500 Internal Server Error in 1ms

ActionView::MissingTemplate (Missing template articles/create, application/create with {:locale=>[:en], :formats=>[:html], :handlers=>[:erb, :builder, :raw, :ruby, :jbuilder, :coffee]}. Searched in:
  * "/Users/harshmalewar/Documents/sjsu/experiment/blog/app/views"
):
  app/controllers/articles_controller.rb:6:in `create'


  Rendered /Users/harshmalewar/.rvm/gems/ruby-2.1.5/gems/actionpack-4.0.0/lib/action_dispatch/middleware/templates/rescues/missing_template.erb within rescues/layout (0.5ms)


Started GET "/articles/new" for 127.0.0.1 at 2014-12-17 02:18:34 -0800
Processing by ArticlesController#new as HTML
  Rendered articles/new.html.erb within layouts/application (2.2ms)
Completed 200 OK in 8ms (Views: 7.2ms | ActiveRecord: 0.0ms)


Started GET "/assets/articles.css?body=1" for 127.0.0.1 at 2014-12-17 02:18:34 -0800


Started GET "/assets/welcome.css?body=1" for 127.0.0.1 at 2014-12-17 02:18:34 -0800


Started GET "/assets/jquery.js?body=1" for 127.0.0.1 at 2014-12-17 02:18:34 -0800


Started GET "/assets/application.css?body=1" for 127.0.0.1 at 2014-12-17 02:18:34 -0800


Started GET "/assets/turbolinks.js?body=1" for 127.0.0.1 at 2014-12-17 02:18:34 -0800


Started GET "/assets/jquery_ujs.js?body=1" for 127.0.0.1 at 2014-12-17 02:18:34 -0800


Started GET "/assets/welcome.js?body=1" for 127.0.0.1 at 2014-12-17 02:18:34 -0800


Started GET "/assets/articles.js?body=1" for 127.0.0.1 at 2014-12-17 02:18:34 -0800


Started GET "/assets/application.js?body=1" for 127.0.0.1 at 2014-12-17 02:18:34 -0800


Started POST "/articles" for 127.0.0.1 at 2014-12-17 02:18:37 -0800
Processing by ArticlesController#create as HTML
  Parameters: {"utf8"=>"", "authenticity_token"=>"BJMtKEAN8188d0j4x2GoAVYGCrPV5bxt5dsF4fW3i6M=", "article"=>{"title"=>"asd", "text"=>"m"}, "commit"=>"Save Article"}
Completed 500 Internal Server Error in 2ms

ActionView::MissingTemplate (Missing template articles/create, application/create with {:locale=>[:en], :formats=>[:html], :handlers=>[:erb, :builder, :raw, :ruby, :jbuilder, :coffee]}. Searched in:
  * "/Users/harshmalewar/Documents/sjsu/experiment/blog/app/views"
):
  actionpack (4.0.0) lib/action_view/path_set.rb:46:in `find'
  actionpack (4.0.0) lib/action_view/lookup_context.rb:115:in `find'
  actionpack (4.0.0) lib/action_view/renderer/abstract_renderer.rb:18:in `find_template'
  actionpack (4.0.0) lib/action_view/renderer/template_renderer.rb:35:in `determine_template'
  actionpack (4.0.0) lib/action_view/renderer/template_renderer.rb:8:in `render'
  actionpack (4.0.0) lib/action_view/renderer/renderer.rb:42:in `render_template'
  actionpack (4.0.0) lib/action_view/renderer/renderer.rb:23:in `render'
  actionpack (4.0.0) lib/abstract_controller/rendering.rb:127:in `_render_template'
  actionpack (4.0.0) lib/action_controller/metal/streaming.rb:219:in `_render_template'
  actionpack (4.0.0) lib/abstract_controller/rendering.rb:120:in `render_to_body'
  actionpack (4.0.0) lib/action_controller/metal/rendering.rb:33:in `render_to_body'
  actionpack (4.0.0) lib/action_controller/metal/renderers.rb:26:in `render_to_body'
  actionpack (4.0.0) lib/abstract_controller/rendering.rb:97:in `render'
  actionpack (4.0.0) lib/action_controller/metal/rendering.rb:16:in `render'
  actionpack (4.0.0) lib/action_controller/metal/instrumentation.rb:41:in `block (2 levels) in render'
  activesupport (4.0.0) lib/active_support/core_ext/benchmark.rb:12:in `block in ms'
  /Users/harshmalewar/.rvm/rubies/ruby-2.1.5/lib/ruby/2.1.0/benchmark.rb:294:in `realtime'
  activesupport (4.0.0) lib/active_support/core_ext/benchmark.rb:12:in `ms'
  actionpack (4.0.0) lib/action_controller/metal/instrumentation.rb:41:in `block in render'
  actionpack (4.0.0) lib/action_controller/metal/instrumentation.rb:84:in `cleanup_view_runtime'
  activerecord (4.0.0) lib/active_record/railties/controller_runtime.rb:25:in `cleanup_view_runtime'
  actionpack (4.0.0) lib/action_controller/metal/instrumentation.rb:40:in `render'
  actionpack (4.0.0) lib/action_controller/metal/implicit_render.rb:10:in `default_render'
  actionpack (4.0.0) lib/action_controller/metal/implicit_render.rb:5:in `send_action'
  actionpack (4.0.0) lib/abstract_controller/base.rb:189:in `process_action'
  actionpack (4.0.0) lib/action_controller/metal/rendering.rb:10:in `process_action'
  actionpack (4.0.0) lib/abstract_controller/callbacks.rb:18:in `block in process_action'
  activesupport (4.0.0) lib/active_support/callbacks.rb:403:in `_run__929331143170154727__process_action__callbacks'
  activesupport (4.0.0) lib/active_support/callbacks.rb:80:in `run_callbacks'
  actionpack (4.0.0) lib/abstract_controller/callbacks.rb:17:in `process_action'
  actionpack (4.0.0) lib/action_controller/metal/rescue.rb:29:in `process_action'
  actionpack (4.0.0) lib/action_controller/metal/instrumentation.rb:31:in `block in process_action'
  activesupport (4.0.0) lib/active_support/notifications.rb:159:in `block in instrument'
  activesupport (4.0.0) lib/active_support/notifications/instrumenter.rb:20:in `instrument'
  activesupport (4.0.0) lib/active_support/notifications.rb:159:in `instrument'
  actionpack (4.0.0) lib/action_controller/metal/instrumentation.rb:30:in `process_action'
  actionpack (4.0.0) lib/action_controller/metal/params_wrapper.rb:245:in `process_action'
  activerecord (4.0.0) lib/active_record/railties/controller_runtime.rb:18:in `process_action'
  actionpack (4.0.0) lib/abstract_controller/base.rb:136:in `process'
  actionpack (4.0.0) lib/abstract_controller/rendering.rb:44:in `process'
  actionpack (4.0.0) lib/action_controller/metal.rb:195:in `dispatch'
  actionpack (4.0.0) lib/action_controller/metal/rack_delegation.rb:13:in `dispatch'
  actionpack (4.0.0) lib/action_controller/metal.rb:231:in `block in action'
  actionpack (4.0.0) lib/action_dispatch/routing/route_set.rb:80:in `call'
  actionpack (4.0.0) lib/action_dispatch/routing/route_set.rb:80:in `dispatch'
  actionpack (4.0.0) lib/action_dispatch/routing/route_set.rb:48:in `call'
  actionpack (4.0.0) lib/action_dispatch/journey/router.rb:71:in `block in call'
  actionpack (4.0.0) lib/action_dispatch/journey/router.rb:59:in `each'
  actionpack (4.0.0) lib/action_dispatch/journey/router.rb:59:in `call'
  actionpack (4.0.0) lib/action_dispatch/routing/route_set.rb:655:in `call'
  rack (1.5.2) lib/rack/etag.rb:23:in `call'
  rack (1.5.2) lib/rack/conditionalget.rb:35:in `call'
  rack (1.5.2) lib/rack/head.rb:11:in `call'
  actionpack (4.0.0) lib/action_dispatch/middleware/params_parser.rb:27:in `call'
  actionpack (4.0.0) lib/action_dispatch/middleware/flash.rb:241:in `call'
  rack (1.5.2) lib/rack/session/abstract/id.rb:225:in `context'
  rack (1.5.2) lib/rack/session/abstract/id.rb:220:in `call'
  actionpack (4.0.0) lib/action_dispatch/middleware/cookies.rb:486:in `call'
  activerecord (4.0.0) lib/active_record/query_cache.rb:36:in `call'
  activerecord (4.0.0) lib/active_record/connection_adapters/abstract/connection_pool.rb:626:in `call'
  activerecord (4.0.0) lib/active_record/migration.rb:369:in `call'
  actionpack (4.0.0) lib/action_dispatch/middleware/callbacks.rb:29:in `block in call'
  activesupport (4.0.0) lib/active_support/callbacks.rb:373:in `_run__673227861696079891__call__callbacks'
  activesupport (4.0.0) lib/active_support/callbacks.rb:80:in `run_callbacks'
  actionpack (4.0.0) lib/action_dispatch/middleware/callbacks.rb:27:in `call'
  actionpack (4.0.0) lib/action_dispatch/middleware/reloader.rb:64:in `call'
  actionpack (4.0.0) lib/action_dispatch/middleware/remote_ip.rb:76:in `call'
  actionpack (4.0.0) lib/action_dispatch/middleware/debug_exceptions.rb:17:in `call'
  actionpack (4.0.0) lib/action_dispatch/middleware/show_exceptions.rb:30:in `call'
  railties (4.0.0) lib/rails/rack/logger.rb:38:in `call_app'
  railties (4.0.0) lib/rails/rack/logger.rb:21:in `block in call'
  activesupport (4.0.0) lib/active_support/tagged_logging.rb:67:in `block in tagged'
  activesupport (4.0.0) lib/active_support/tagged_logging.rb:25:in `tagged'
  activesupport (4.0.0) lib/active_support/tagged_logging.rb:67:in `tagged'
  railties (4.0.0) lib/rails/rack/logger.rb:21:in `call'
  actionpack (4.0.0) lib/action_dispatch/middleware/request_id.rb:21:in `call'
  rack (1.5.2) lib/rack/methodoverride.rb:21:in `call'
  rack (1.5.2) lib/rack/runtime.rb:17:in `call'
  activesupport (4.0.0) lib/active_support/cache/strategy/local_cache.rb:83:in `call'
  rack (1.5.2) lib/rack/lock.rb:17:in `call'
  actionpack (4.0.0) lib/action_dispatch/middleware/static.rb:64:in `call'
  railties (4.0.0) lib/rails/engine.rb:511:in `call'
  railties (4.0.0) lib/rails/application.rb:97:in `call'
  rack (1.5.2) lib/rack/lock.rb:17:in `call'
  rack (1.5.2) lib/rack/content_length.rb:14:in `call'
  rack (1.5.2) lib/rack/handler/webrick.rb:60:in `service'
  /Users/harshmalewar/.rvm/rubies/ruby-2.1.5/lib/ruby/2.1.0/webrick/httpserver.rb:138:in `service'
  /Users/harshmalewar/.rvm/rubies/ruby-2.1.5/lib/ruby/2.1.0/webrick/httpserver.rb:94:in `run'
  /Users/harshmalewar/.rvm/rubies/ruby-2.1.5/lib/ruby/2.1.0/webrick/server.rb:295:in `block in start_thread'


  Rendered /Users/harshmalewar/.rvm/gems/ruby-2.1.5/gems/actionpack-4.0.0/lib/action_dispatch/middleware/templates/rescues/missing_template.erb within rescues/layout (0.7ms)


Started POST "/articles" for 127.0.0.1 at 2014-12-17 02:23:04 -0800
Processing by ArticlesController#create as HTML
  Parameters: {"utf8"=>"", "authenticity_token"=>"BJMtKEAN8188d0j4x2GoAVYGCrPV5bxt5dsF4fW3i6M=", "article"=>{"title"=>"asd", "text"=>"m"}, "commit"=>"Save Article"}
  Rendered text template (0.0ms)
Completed 200 OK in 10ms (Views: 9.1ms | ActiveRecord: 0.0ms)
